<?xml version="1.0" encoding="UTF-8"?>
<!-- Generated by org.testng.reporters.JUnitReportReporter -->
<testsuite skipped="0" hostname="DESKTOP-1S1PEBA" name="com.testcases.OrangehrmperfTestcase" tests="1" failures="0" timestamp="2020-03-28T16:32:45 IST" time="7.769" errors="0">
  <testcase name="perfomclick" time="7.769" classname="com.testcases.OrangehrmperfTestcase"/>
  <system-out/>
</testsuite> <!-- com.testcases.OrangehrmperfTestcase -->
