<?xml version="1.0" encoding="UTF-8"?>
<!-- Generated by org.testng.reporters.JUnitReportReporter -->
<testsuite skipped="0" hostname="DESKTOP-1S1PEBA" name="com.testcases.OrangehrmLeaveTestcase" tests="2" failures="0" timestamp="2020-03-30T09:54:00 IST" time="532.778" errors="1">
  <testcase name="leavemenuclick" time="8.938" classname="com.testcases.OrangehrmLeaveTestcase"/>
  <system-out/>
  <testcase name="quit" time="523.840" classname="com.testcases.OrangehrmLeaveTestcase">
    <error type="org.openqa.selenium.WebDriverException" message="unknown error: cannot activate web view
  (Session info: chrome=80.0.3987.149)
Build info: version: &#039;3.141.59&#039;, revision: &#039;e82be7d358&#039;, time: &#039;2018-11-14T08:25:48&#039;
System info: host: &#039;DESKTOP-1S1PEBA&#039;, ip: &#039;192.168.173.1&#039;, os.name: &#039;Windows 10&#039;, os.arch: &#039;amd64&#039;, os.version: &#039;10.0&#039;, java.version: &#039;1.8.0_91&#039;
Driver info: org.openqa.selenium.chrome.ChromeDriver
Capabilities {acceptInsecureCerts: false, browserName: chrome, browserVersion: 80.0.3987.149, chrome: {chromedriverVersion: 80.0.3987.106 (f68069574609..., userDataDir: C:\Users\Srihari\AppData\Lo...}, goog:chromeOptions: {debuggerAddress: localhost:63353}, javascriptEnabled: true, networkConnectionEnabled: false, pageLoadStrategy: normal, platform: WINDOWS, platformName: WINDOWS, proxy: Proxy(), setWindowRect: true, strictFileInteractability: false, timeouts: {implicit: 0, pageLoad: 300000, script: 30000}, unhandledPromptBehavior: dismiss and notify}
Session ID: 5e73bc6043f35d60677d7828061a4be3">
      <![CDATA[org.openqa.selenium.WebDriverException: unknown error: cannot activate web view
  (Session info: chrome=80.0.3987.149)
Build info: version: '3.141.59', revision: 'e82be7d358', time: '2018-11-14T08:25:48'
System info: host: 'DESKTOP-1S1PEBA', ip: '192.168.173.1', os.name: 'Windows 10', os.arch: 'amd64', os.version: '10.0', java.version: '1.8.0_91'
Driver info: org.openqa.selenium.chrome.ChromeDriver
Capabilities {acceptInsecureCerts: false, browserName: chrome, browserVersion: 80.0.3987.149, chrome: {chromedriverVersion: 80.0.3987.106 (f68069574609..., userDataDir: C:\Users\Srihari\AppData\Lo...}, goog:chromeOptions: {debuggerAddress: localhost:63353}, javascriptEnabled: true, networkConnectionEnabled: false, pageLoadStrategy: normal, platform: WINDOWS, platformName: WINDOWS, proxy: Proxy(), setWindowRect: true, strictFileInteractability: false, timeouts: {implicit: 0, pageLoad: 300000, script: 30000}, unhandledPromptBehavior: dismiss and notify}
Session ID: 5e73bc6043f35d60677d7828061a4be3
at sun.reflect.NativeConstructorAccessorImpl.newInstance0(Native Method)
at sun.reflect.NativeConstructorAccessorImpl.newInstance(Unknown Source)
at sun.reflect.DelegatingConstructorAccessorImpl.newInstance(Unknown Source)
at java.lang.reflect.Constructor.newInstance(Unknown Source)
at org.openqa.selenium.remote.http.W3CHttpResponseCodec.createException(W3CHttpResponseCodec.java:187)
at org.openqa.selenium.remote.http.W3CHttpResponseCodec.decode(W3CHttpResponseCodec.java:122)
at org.openqa.selenium.remote.http.W3CHttpResponseCodec.decode(W3CHttpResponseCodec.java:49)
at org.openqa.selenium.remote.HttpCommandExecutor.execute(HttpCommandExecutor.java:158)
at org.openqa.selenium.remote.service.DriverCommandExecutor.execute(DriverCommandExecutor.java:83)
at org.openqa.selenium.remote.RemoteWebDriver.execute(RemoteWebDriver.java:552)
at org.openqa.selenium.remote.RemoteWebDriver.execute(RemoteWebDriver.java:609)
at org.openqa.selenium.remote.RemoteWebDriver.getScreenshotAs(RemoteWebDriver.java:295)
at com.utility.orangehrmutility.takeSnapShot(orangehrmutility.java:23)
at com.testcases.OrangehrmLeaveTestcase.quit(OrangehrmLeaveTestcase.java:38)
at com.testcases.OrangehrmLeaveTestcase.quit(OrangehrmLeaveTestcase.java:39)
at com.testcases.OrangehrmLeaveTestcase.quit(OrangehrmLeaveTestcase.java:39)
at com.testcases.OrangehrmLeaveTestcase.quit(OrangehrmLeaveTestcase.java:39)
at com.testcases.OrangehrmLeaveTestcase.quit(OrangehrmLeaveTestcase.java:39)
at com.testcases.OrangehrmLeaveTestcase.quit(OrangehrmLeaveTestcase.java:39)
at com.testcases.OrangehrmLeaveTestcase.quit(OrangehrmLeaveTestcase.java:39)
at com.testcases.OrangehrmLeaveTestcase.quit(OrangehrmLeaveTestcase.java:39)
at com.testcases.OrangehrmLeaveTestcase.quit(OrangehrmLeaveTestcase.java:39)
at com.testcases.OrangehrmLeaveTestcase.quit(OrangehrmLeaveTestcase.java:39)
at com.testcases.OrangehrmLeaveTestcase.quit(OrangehrmLeaveTestcase.java:39)
at com.testcases.OrangehrmLeaveTestcase.quit(OrangehrmLeaveTestcase.java:39)
at com.testcases.OrangehrmLeaveTestcase.quit(OrangehrmLeaveTestcase.java:39)
at com.testcases.OrangehrmLeaveTestcase.quit(OrangehrmLeaveTestcase.java:39)
at com.testcases.OrangehrmLeaveTestcase.quit(OrangehrmLeaveTestcase.java:39)
at com.testcases.OrangehrmLeaveTestcase.quit(OrangehrmLeaveTestcase.java:39)
at com.testcases.OrangehrmLeaveTestcase.quit(OrangehrmLeaveTestcase.java:39)
at com.testcases.OrangehrmLeaveTestcase.quit(OrangehrmLeaveTestcase.java:39)
at com.testcases.OrangehrmLeaveTestcase.quit(OrangehrmLeaveTestcase.java:39)
at com.testcases.OrangehrmLeaveTestcase.quit(OrangehrmLeaveTestcase.java:39)
at com.testcases.OrangehrmLeaveTestcase.quit(OrangehrmLeaveTestcase.java:39)
at com.testcases.OrangehrmLeaveTestcase.quit(OrangehrmLeaveTestcase.java:39)
at com.testcases.OrangehrmLeaveTestcase.quit(OrangehrmLeaveTestcase.java:39)
at com.testcases.OrangehrmLeaveTestcase.quit(OrangehrmLeaveTestcase.java:39)
at com.testcases.OrangehrmLeaveTestcase.quit(OrangehrmLeaveTestcase.java:39)
at com.testcases.OrangehrmLeaveTestcase.quit(OrangehrmLeaveTestcase.java:39)
at com.testcases.OrangehrmLeaveTestcase.quit(OrangehrmLeaveTestcase.java:39)
at com.testcases.OrangehrmLeaveTestcase.quit(OrangehrmLeaveTestcase.java:39)
at com.testcases.OrangehrmLeaveTestcase.quit(OrangehrmLeaveTestcase.java:39)
at com.testcases.OrangehrmLeaveTestcase.quit(OrangehrmLeaveTestcase.java:39)
at com.testcases.OrangehrmLeaveTestcase.quit(OrangehrmLeaveTestcase.java:39)
at com.testcases.OrangehrmLeaveTestcase.quit(OrangehrmLeaveTestcase.java:39)
at com.testcases.OrangehrmLeaveTestcase.quit(OrangehrmLeaveTestcase.java:39)
at com.testcases.OrangehrmLeaveTestcase.quit(OrangehrmLeaveTestcase.java:39)
at com.testcases.OrangehrmLeaveTestcase.quit(OrangehrmLeaveTestcase.java:39)
at com.testcases.OrangehrmLeaveTestcase.quit(OrangehrmLeaveTestcase.java:39)
at com.testcases.OrangehrmLeaveTestcase.quit(OrangehrmLeaveTestcase.java:39)
at com.testcases.OrangehrmLeaveTestcase.quit(OrangehrmLeaveTestcase.java:39)
at com.testcases.OrangehrmLeaveTestcase.quit(OrangehrmLeaveTestcase.java:39)
at com.testcases.OrangehrmLeaveTestcase.quit(OrangehrmLeaveTestcase.java:39)
at com.testcases.OrangehrmLeaveTestcase.quit(OrangehrmLeaveTestcase.java:39)
at com.testcases.OrangehrmLeaveTestcase.quit(OrangehrmLeaveTestcase.java:39)
at com.testcases.OrangehrmLeaveTestcase.quit(OrangehrmLeaveTestcase.java:39)
at com.testcases.OrangehrmLeaveTestcase.quit(OrangehrmLeaveTestcase.java:39)
at com.testcases.OrangehrmLeaveTestcase.quit(OrangehrmLeaveTestcase.java:39)
at com.testcases.OrangehrmLeaveTestcase.quit(OrangehrmLeaveTestcase.java:39)
at com.testcases.OrangehrmLeaveTestcase.quit(OrangehrmLeaveTestcase.java:39)
at com.testcases.OrangehrmLeaveTestcase.quit(OrangehrmLeaveTestcase.java:39)
at com.testcases.OrangehrmLeaveTestcase.quit(OrangehrmLeaveTestcase.java:39)
at com.testcases.OrangehrmLeaveTestcase.quit(OrangehrmLeaveTestcase.java:39)
at com.testcases.OrangehrmLeaveTestcase.quit(OrangehrmLeaveTestcase.java:39)
at com.testcases.OrangehrmLeaveTestcase.quit(OrangehrmLeaveTestcase.java:39)
at com.testcases.OrangehrmLeaveTestcase.quit(OrangehrmLeaveTestcase.java:39)
at com.testcases.OrangehrmLeaveTestcase.quit(OrangehrmLeaveTestcase.java:39)
at com.testcases.OrangehrmLeaveTestcase.quit(OrangehrmLeaveTestcase.java:39)
at com.testcases.OrangehrmLeaveTestcase.quit(OrangehrmLeaveTestcase.java:39)
at com.testcases.OrangehrmLeaveTestcase.quit(OrangehrmLeaveTestcase.java:39)
at com.testcases.OrangehrmLeaveTestcase.quit(OrangehrmLeaveTestcase.java:39)
at com.testcases.OrangehrmLeaveTestcase.quit(OrangehrmLeaveTestcase.java:39)
at com.testcases.OrangehrmLeaveTestcase.quit(OrangehrmLeaveTestcase.java:39)
at com.testcases.OrangehrmLeaveTestcase.quit(OrangehrmLeaveTestcase.java:39)
at com.testcases.OrangehrmLeaveTestcase.quit(OrangehrmLeaveTestcase.java:39)
at com.testcases.OrangehrmLeaveTestcase.quit(OrangehrmLeaveTestcase.java:39)
at com.testcases.OrangehrmLeaveTestcase.quit(OrangehrmLeaveTestcase.java:39)
at com.testcases.OrangehrmLeaveTestcase.quit(OrangehrmLeaveTestcase.java:39)
at com.testcases.OrangehrmLeaveTestcase.quit(OrangehrmLeaveTestcase.java:39)
at com.testcases.OrangehrmLeaveTestcase.quit(OrangehrmLeaveTestcase.java:39)
at com.testcases.OrangehrmLeaveTestcase.quit(OrangehrmLeaveTestcase.java:39)
at com.testcases.OrangehrmLeaveTestcase.quit(OrangehrmLeaveTestcase.java:39)
at com.testcases.OrangehrmLeaveTestcase.quit(OrangehrmLeaveTestcase.java:39)
at com.testcases.OrangehrmLeaveTestcase.quit(OrangehrmLeaveTestcase.java:39)
at com.testcases.OrangehrmLeaveTestcase.quit(OrangehrmLeaveTestcase.java:39)
at com.testcases.OrangehrmLeaveTestcase.quit(OrangehrmLeaveTestcase.java:39)
at com.testcases.OrangehrmLeaveTestcase.quit(OrangehrmLeaveTestcase.java:39)
at com.testcases.OrangehrmLeaveTestcase.quit(OrangehrmLeaveTestcase.java:39)
at com.testcases.OrangehrmLeaveTestcase.quit(OrangehrmLeaveTestcase.java:39)
at com.testcases.OrangehrmLeaveTestcase.quit(OrangehrmLeaveTestcase.java:39)
at com.testcases.OrangehrmLeaveTestcase.quit(OrangehrmLeaveTestcase.java:39)
at com.testcases.OrangehrmLeaveTestcase.quit(OrangehrmLeaveTestcase.java:39)
at com.testcases.OrangehrmLeaveTestcase.quit(OrangehrmLeaveTestcase.java:39)
at com.testcases.OrangehrmLeaveTestcase.quit(OrangehrmLeaveTestcase.java:39)
at com.testcases.OrangehrmLeaveTestcase.quit(OrangehrmLeaveTestcase.java:39)
at com.testcases.OrangehrmLeaveTestcase.quit(OrangehrmLeaveTestcase.java:39)
at com.testcases.OrangehrmLeaveTestcase.quit(OrangehrmLeaveTestcase.java:39)
at com.testcases.OrangehrmLeaveTestcase.quit(OrangehrmLeaveTestcase.java:39)
at com.testcases.OrangehrmLeaveTestcase.quit(OrangehrmLeaveTestcase.java:39)
at com.testcases.OrangehrmLeaveTestcase.quit(OrangehrmLeaveTestcase.java:39)
at com.testcases.OrangehrmLeaveTestcase.quit(OrangehrmLeaveTestcase.java:39)
at com.testcases.OrangehrmLeaveTestcase.quit(OrangehrmLeaveTestcase.java:39)
at com.testcases.OrangehrmLeaveTestcase.quit(OrangehrmLeaveTestcase.java:39)
at com.testcases.OrangehrmLeaveTestcase.quit(OrangehrmLeaveTestcase.java:39)
at com.testcases.OrangehrmLeaveTestcase.quit(OrangehrmLeaveTestcase.java:39)
at com.testcases.OrangehrmLeaveTestcase.quit(OrangehrmLeaveTestcase.java:39)
at com.testcases.OrangehrmLeaveTestcase.quit(OrangehrmLeaveTestcase.java:39)
at com.testcases.OrangehrmLeaveTestcase.quit(OrangehrmLeaveTestcase.java:39)
at com.testcases.OrangehrmLeaveTestcase.quit(OrangehrmLeaveTestcase.java:39)
at com.testcases.OrangehrmLeaveTestcase.quit(OrangehrmLeaveTestcase.java:39)
at com.testcases.OrangehrmLeaveTestcase.quit(OrangehrmLeaveTestcase.java:39)
at com.testcases.OrangehrmLeaveTestcase.quit(OrangehrmLeaveTestcase.java:39)
at com.testcases.OrangehrmLeaveTestcase.quit(OrangehrmLeaveTestcase.java:39)
at com.testcases.OrangehrmLeaveTestcase.quit(OrangehrmLeaveTestcase.java:39)
at com.testcases.OrangehrmLeaveTestcase.quit(OrangehrmLeaveTestcase.java:39)
at com.testcases.OrangehrmLeaveTestcase.quit(OrangehrmLeaveTestcase.java:39)
at com.testcases.OrangehrmLeaveTestcase.quit(OrangehrmLeaveTestcase.java:39)
at com.testcases.OrangehrmLeaveTestcase.quit(OrangehrmLeaveTestcase.java:39)
at com.testcases.OrangehrmLeaveTestcase.quit(OrangehrmLeaveTestcase.java:39)
at com.testcases.OrangehrmLeaveTestcase.quit(OrangehrmLeaveTestcase.java:39)
at com.testcases.OrangehrmLeaveTestcase.quit(OrangehrmLeaveTestcase.java:39)
at com.testcases.OrangehrmLeaveTestcase.quit(OrangehrmLeaveTestcase.java:39)
at com.testcases.OrangehrmLeaveTestcase.quit(OrangehrmLeaveTestcase.java:39)
at com.testcases.OrangehrmLeaveTestcase.quit(OrangehrmLeaveTestcase.java:39)
at com.testcases.OrangehrmLeaveTestcase.quit(OrangehrmLeaveTestcase.java:39)
at com.testcases.OrangehrmLeaveTestcase.quit(OrangehrmLeaveTestcase.java:39)
at com.testcases.OrangehrmLeaveTestcase.quit(OrangehrmLeaveTestcase.java:39)
at com.testcases.OrangehrmLeaveTestcase.quit(OrangehrmLeaveTestcase.java:39)
at com.testcases.OrangehrmLeaveTestcase.quit(OrangehrmLeaveTestcase.java:39)
at com.testcases.OrangehrmLeaveTestcase.quit(OrangehrmLeaveTestcase.java:39)
at com.testcases.OrangehrmLeaveTestcase.quit(OrangehrmLeaveTestcase.java:39)
at com.testcases.OrangehrmLeaveTestcase.quit(OrangehrmLeaveTestcase.java:39)
at com.testcases.OrangehrmLeaveTestcase.quit(OrangehrmLeaveTestcase.java:39)
at com.testcases.OrangehrmLeaveTestcase.quit(OrangehrmLeaveTestcase.java:39)
at com.testcases.OrangehrmLeaveTestcase.quit(OrangehrmLeaveTestcase.java:39)
at com.testcases.OrangehrmLeaveTestcase.quit(OrangehrmLeaveTestcase.java:39)
at com.testcases.OrangehrmLeaveTestcase.quit(OrangehrmLeaveTestcase.java:39)
at com.testcases.OrangehrmLeaveTestcase.quit(OrangehrmLeaveTestcase.java:39)
at com.testcases.OrangehrmLeaveTestcase.quit(OrangehrmLeaveTestcase.java:39)
at com.testcases.OrangehrmLeaveTestcase.quit(OrangehrmLeaveTestcase.java:39)
at com.testcases.OrangehrmLeaveTestcase.quit(OrangehrmLeaveTestcase.java:39)
at com.testcases.OrangehrmLeaveTestcase.quit(OrangehrmLeaveTestcase.java:39)
at com.testcases.OrangehrmLeaveTestcase.quit(OrangehrmLeaveTestcase.java:39)
at com.testcases.OrangehrmLeaveTestcase.quit(OrangehrmLeaveTestcase.java:39)
at com.testcases.OrangehrmLeaveTestcase.quit(OrangehrmLeaveTestcase.java:39)
at com.testcases.OrangehrmLeaveTestcase.quit(OrangehrmLeaveTestcase.java:39)
at com.testcases.OrangehrmLeaveTestcase.quit(OrangehrmLeaveTestcase.java:39)
at com.testcases.OrangehrmLeaveTestcase.quit(OrangehrmLeaveTestcase.java:39)
at com.testcases.OrangehrmLeaveTestcase.quit(OrangehrmLeaveTestcase.java:39)
at com.testcases.OrangehrmLeaveTestcase.quit(OrangehrmLeaveTestcase.java:39)
at com.testcases.OrangehrmLeaveTestcase.quit(OrangehrmLeaveTestcase.java:39)
at com.testcases.OrangehrmLeaveTestcase.quit(OrangehrmLeaveTestcase.java:39)
at com.testcases.OrangehrmLeaveTestcase.quit(OrangehrmLeaveTestcase.java:39)
at com.testcases.OrangehrmLeaveTestcase.quit(OrangehrmLeaveTestcase.java:39)
at com.testcases.OrangehrmLeaveTestcase.quit(OrangehrmLeaveTestcase.java:39)
at com.testcases.OrangehrmLeaveTestcase.quit(OrangehrmLeaveTestcase.java:39)
at com.testcases.OrangehrmLeaveTestcase.quit(OrangehrmLeaveTestcase.java:39)
at com.testcases.OrangehrmLeaveTestcase.quit(OrangehrmLeaveTestcase.java:39)
at com.testcases.OrangehrmLeaveTestcase.quit(OrangehrmLeaveTestcase.java:39)
at com.testcases.OrangehrmLeaveTestcase.quit(OrangehrmLeaveTestcase.java:39)
at com.testcases.OrangehrmLeaveTestcase.quit(OrangehrmLeaveTestcase.java:39)
at com.testcases.OrangehrmLeaveTestcase.quit(OrangehrmLeaveTestcase.java:39)
at com.testcases.OrangehrmLeaveTestcase.quit(OrangehrmLeaveTestcase.java:39)
at com.testcases.OrangehrmLeaveTestcase.quit(OrangehrmLeaveTestcase.java:39)
at com.testcases.OrangehrmLeaveTestcase.quit(OrangehrmLeaveTestcase.java:39)
at com.testcases.OrangehrmLeaveTestcase.quit(OrangehrmLeaveTestcase.java:39)
at com.testcases.OrangehrmLeaveTestcase.quit(OrangehrmLeaveTestcase.java:39)
at com.testcases.OrangehrmLeaveTestcase.quit(OrangehrmLeaveTestcase.java:39)
at com.testcases.OrangehrmLeaveTestcase.quit(OrangehrmLeaveTestcase.java:39)
at com.testcases.OrangehrmLeaveTestcase.quit(OrangehrmLeaveTestcase.java:39)
at com.testcases.OrangehrmLeaveTestcase.quit(OrangehrmLeaveTestcase.java:39)
at com.testcases.OrangehrmLeaveTestcase.quit(OrangehrmLeaveTestcase.java:39)
at com.testcases.OrangehrmLeaveTestcase.quit(OrangehrmLeaveTestcase.java:39)
at com.testcases.OrangehrmLeaveTestcase.quit(OrangehrmLeaveTestcase.java:39)
at com.testcases.OrangehrmLeaveTestcase.quit(OrangehrmLeaveTestcase.java:39)
at com.testcases.OrangehrmLeaveTestcase.quit(OrangehrmLeaveTestcase.java:39)
at com.testcases.OrangehrmLeaveTestcase.quit(OrangehrmLeaveTestcase.java:39)
at com.testcases.OrangehrmLeaveTestcase.quit(OrangehrmLeaveTestcase.java:39)
at com.testcases.OrangehrmLeaveTestcase.quit(OrangehrmLeaveTestcase.java:39)
at com.testcases.OrangehrmLeaveTestcase.quit(OrangehrmLeaveTestcase.java:39)
at com.testcases.OrangehrmLeaveTestcase.quit(OrangehrmLeaveTestcase.java:39)
at com.testcases.OrangehrmLeaveTestcase.quit(OrangehrmLeaveTestcase.java:39)
at com.testcases.OrangehrmLeaveTestcase.quit(OrangehrmLeaveTestcase.java:39)
at com.testcases.OrangehrmLeaveTestcase.quit(OrangehrmLeaveTestcase.java:39)
at com.testcases.OrangehrmLeaveTestcase.quit(OrangehrmLeaveTestcase.java:39)
at com.testcases.OrangehrmLeaveTestcase.quit(OrangehrmLeaveTestcase.java:39)
at com.testcases.OrangehrmLeaveTestcase.quit(OrangehrmLeaveTestcase.java:39)
at com.testcases.OrangehrmLeaveTestcase.quit(OrangehrmLeaveTestcase.java:39)
at com.testcases.OrangehrmLeaveTestcase.quit(OrangehrmLeaveTestcase.java:39)
at com.testcases.OrangehrmLeaveTestcase.quit(OrangehrmLeaveTestcase.java:39)
at com.testcases.OrangehrmLeaveTestcase.quit(OrangehrmLeaveTestcase.java:39)
at com.testcases.OrangehrmLeaveTestcase.quit(OrangehrmLeaveTestcase.java:39)
at com.testcases.OrangehrmLeaveTestcase.quit(OrangehrmLeaveTestcase.java:39)
at com.testcases.OrangehrmLeaveTestcase.quit(OrangehrmLeaveTestcase.java:39)
at com.testcases.OrangehrmLeaveTestcase.quit(OrangehrmLeaveTestcase.java:39)
at com.testcases.OrangehrmLeaveTestcase.quit(OrangehrmLeaveTestcase.java:39)
at com.testcases.OrangehrmLeaveTestcase.quit(OrangehrmLeaveTestcase.java:39)
at com.testcases.OrangehrmLeaveTestcase.quit(OrangehrmLeaveTestcase.java:39)
at com.testcases.OrangehrmLeaveTestcase.quit(OrangehrmLeaveTestcase.java:39)
at com.testcases.OrangehrmLeaveTestcase.quit(OrangehrmLeaveTestcase.java:39)
at com.testcases.OrangehrmLeaveTestcase.quit(OrangehrmLeaveTestcase.java:39)
at com.testcases.OrangehrmLeaveTestcase.quit(OrangehrmLeaveTestcase.java:39)
at com.testcases.OrangehrmLeaveTestcase.quit(OrangehrmLeaveTestcase.java:39)
at com.testcases.OrangehrmLeaveTestcase.quit(OrangehrmLeaveTestcase.java:39)
at com.testcases.OrangehrmLeaveTestcase.quit(OrangehrmLeaveTestcase.java:39)
at com.testcases.OrangehrmLeaveTestcase.quit(OrangehrmLeaveTestcase.java:39)
at com.testcases.OrangehrmLeaveTestcase.quit(OrangehrmLeaveTestcase.java:39)
at com.testcases.OrangehrmLeaveTestcase.quit(OrangehrmLeaveTestcase.java:39)
at com.testcases.OrangehrmLeaveTestcase.quit(OrangehrmLeaveTestcase.java:39)
at com.testcases.OrangehrmLeaveTestcase.quit(OrangehrmLeaveTestcase.java:39)
at com.testcases.OrangehrmLeaveTestcase.quit(OrangehrmLeaveTestcase.java:39)
at com.testcases.OrangehrmLeaveTestcase.quit(OrangehrmLeaveTestcase.java:39)
at com.testcases.OrangehrmLeaveTestcase.quit(OrangehrmLeaveTestcase.java:39)
at com.testcases.OrangehrmLeaveTestcase.quit(OrangehrmLeaveTestcase.java:39)
at com.testcases.OrangehrmLeaveTestcase.quit(OrangehrmLeaveTestcase.java:39)
at com.testcases.OrangehrmLeaveTestcase.quit(OrangehrmLeaveTestcase.java:39)
at com.testcases.OrangehrmLeaveTestcase.quit(OrangehrmLeaveTestcase.java:39)
at com.testcases.OrangehrmLeaveTestcase.quit(OrangehrmLeaveTestcase.java:39)
at com.testcases.OrangehrmLeaveTestcase.quit(OrangehrmLeaveTestcase.java:39)
at com.testcases.OrangehrmLeaveTestcase.quit(OrangehrmLeaveTestcase.java:39)
at com.testcases.OrangehrmLeaveTestcase.quit(OrangehrmLeaveTestcase.java:39)
at com.testcases.OrangehrmLeaveTestcase.quit(OrangehrmLeaveTestcase.java:39)
at com.testcases.OrangehrmLeaveTestcase.quit(OrangehrmLeaveTestcase.java:39)
at com.testcases.OrangehrmLeaveTestcase.quit(OrangehrmLeaveTestcase.java:39)
at com.testcases.OrangehrmLeaveTestcase.quit(OrangehrmLeaveTestcase.java:39)
at com.testcases.OrangehrmLeaveTestcase.quit(OrangehrmLeaveTestcase.java:39)
at com.testcases.OrangehrmLeaveTestcase.quit(OrangehrmLeaveTestcase.java:39)
at com.testcases.OrangehrmLeaveTestcase.quit(OrangehrmLeaveTestcase.java:39)
at com.testcases.OrangehrmLeaveTestcase.quit(OrangehrmLeaveTestcase.java:39)
at com.testcases.OrangehrmLeaveTestcase.quit(OrangehrmLeaveTestcase.java:39)
at com.testcases.OrangehrmLeaveTestcase.quit(OrangehrmLeaveTestcase.java:39)
at com.testcases.OrangehrmLeaveTestcase.quit(OrangehrmLeaveTestcase.java:39)
at com.testcases.OrangehrmLeaveTestcase.quit(OrangehrmLeaveTestcase.java:39)
at com.testcases.OrangehrmLeaveTestcase.quit(OrangehrmLeaveTestcase.java:39)
at com.testcases.OrangehrmLeaveTestcase.quit(OrangehrmLeaveTestcase.java:39)
at com.testcases.OrangehrmLeaveTestcase.quit(OrangehrmLeaveTestcase.java:39)
at com.testcases.OrangehrmLeaveTestcase.quit(OrangehrmLeaveTestcase.java:39)
at com.testcases.OrangehrmLeaveTestcase.quit(OrangehrmLeaveTestcase.java:39)
at com.testcases.OrangehrmLeaveTestcase.quit(OrangehrmLeaveTestcase.java:39)
at com.testcases.OrangehrmLeaveTestcase.quit(OrangehrmLeaveTestcase.java:39)
at com.testcases.OrangehrmLeaveTestcase.quit(OrangehrmLeaveTestcase.java:39)
at com.testcases.OrangehrmLeaveTestcase.quit(OrangehrmLeaveTestcase.java:39)
at com.testcases.OrangehrmLeaveTestcase.quit(OrangehrmLeaveTestcase.java:39)
at com.testcases.OrangehrmLeaveTestcase.quit(OrangehrmLeaveTestcase.java:39)
at com.testcases.OrangehrmLeaveTestcase.quit(OrangehrmLeaveTestcase.java:39)
at com.testcases.OrangehrmLeaveTestcase.quit(OrangehrmLeaveTestcase.java:39)
at com.testcases.OrangehrmLeaveTestcase.quit(OrangehrmLeaveTestcase.java:39)
at com.testcases.OrangehrmLeaveTestcase.quit(OrangehrmLeaveTestcase.java:39)
at com.testcases.OrangehrmLeaveTestcase.quit(OrangehrmLeaveTestcase.java:39)
at com.testcases.OrangehrmLeaveTestcase.quit(OrangehrmLeaveTestcase.java:39)
at com.testcases.OrangehrmLeaveTestcase.quit(OrangehrmLeaveTestcase.java:39)
at com.testcases.OrangehrmLeaveTestcase.quit(OrangehrmLeaveTestcase.java:39)
at com.testcases.OrangehrmLeaveTestcase.quit(OrangehrmLeaveTestcase.java:39)
at com.testcases.OrangehrmLeaveTestcase.quit(OrangehrmLeaveTestcase.java:39)
at com.testcases.OrangehrmLeaveTestcase.quit(OrangehrmLeaveTestcase.java:39)
at com.testcases.OrangehrmLeaveTestcase.quit(OrangehrmLeaveTestcase.java:39)
at com.testcases.OrangehrmLeaveTestcase.quit(OrangehrmLeaveTestcase.java:39)
at com.testcases.OrangehrmLeaveTestcase.quit(OrangehrmLeaveTestcase.java:39)
at com.testcases.OrangehrmLeaveTestcase.quit(OrangehrmLeaveTestcase.java:39)
at com.testcases.OrangehrmLeaveTestcase.quit(OrangehrmLeaveTestcase.java:39)
at com.testcases.OrangehrmLeaveTestcase.quit(OrangehrmLeaveTestcase.java:39)
at com.testcases.OrangehrmLeaveTestcase.quit(OrangehrmLeaveTestcase.java:39)
at com.testcases.OrangehrmLeaveTestcase.quit(OrangehrmLeaveTestcase.java:39)
at com.testcases.OrangehrmLeaveTestcase.quit(OrangehrmLeaveTestcase.java:39)
at com.testcases.OrangehrmLeaveTestcase.quit(OrangehrmLeaveTestcase.java:39)
at com.testcases.OrangehrmLeaveTestcase.quit(OrangehrmLeaveTestcase.java:39)
at com.testcases.OrangehrmLeaveTestcase.quit(OrangehrmLeaveTestcase.java:39)
at com.testcases.OrangehrmLeaveTestcase.quit(OrangehrmLeaveTestcase.java:39)
at com.testcases.OrangehrmLeaveTestcase.quit(OrangehrmLeaveTestcase.java:39)
at com.testcases.OrangehrmLeaveTestcase.quit(OrangehrmLeaveTestcase.java:39)
at com.testcases.OrangehrmLeaveTestcase.quit(OrangehrmLeaveTestcase.java:39)
at com.testcases.OrangehrmLeaveTestcase.quit(OrangehrmLeaveTestcase.java:39)
at com.testcases.OrangehrmLeaveTestcase.quit(OrangehrmLeaveTestcase.java:39)
at com.testcases.OrangehrmLeaveTestcase.quit(OrangehrmLeaveTestcase.java:39)
at com.testcases.OrangehrmLeaveTestcase.quit(OrangehrmLeaveTestcase.java:39)
at com.testcases.OrangehrmLeaveTestcase.quit(OrangehrmLeaveTestcase.java:39)
at com.testcases.OrangehrmLeaveTestcase.quit(OrangehrmLeaveTestcase.java:39)
at com.testcases.OrangehrmLeaveTestcase.quit(OrangehrmLeaveTestcase.java:39)
at com.testcases.OrangehrmLeaveTestcase.quit(OrangehrmLeaveTestcase.java:39)
at com.testcases.OrangehrmLeaveTestcase.quit(OrangehrmLeaveTestcase.java:39)
at com.testcases.OrangehrmLeaveTestcase.quit(OrangehrmLeaveTestcase.java:39)
at com.testcases.OrangehrmLeaveTestcase.quit(OrangehrmLeaveTestcase.java:39)
at com.testcases.OrangehrmLeaveTestcase.quit(OrangehrmLeaveTestcase.java:39)
at com.testcases.OrangehrmLeaveTestcase.quit(OrangehrmLeaveTestcase.java:39)
at com.testcases.OrangehrmLeaveTestcase.quit(OrangehrmLeaveTestcase.java:39)
at com.testcases.OrangehrmLeaveTestcase.quit(OrangehrmLeaveTestcase.java:39)
at com.testcases.OrangehrmLeaveTestcase.quit(OrangehrmLeaveTestcase.java:39)
at com.testcases.OrangehrmLeaveTestcase.quit(OrangehrmLeaveTestcase.java:39)
at com.testcases.OrangehrmLeaveTestcase.quit(OrangehrmLeaveTestcase.java:39)
at com.testcases.OrangehrmLeaveTestcase.quit(OrangehrmLeaveTestcase.java:39)
at com.testcases.OrangehrmLeaveTestcase.quit(OrangehrmLeaveTestcase.java:39)
at com.testcases.OrangehrmLeaveTestcase.quit(OrangehrmLeaveTestcase.java:39)
at com.testcases.OrangehrmLeaveTestcase.quit(OrangehrmLeaveTestcase.java:39)
at com.testcases.OrangehrmLeaveTestcase.quit(OrangehrmLeaveTestcase.java:39)
at com.testcases.OrangehrmLeaveTestcase.quit(OrangehrmLeaveTestcase.java:39)
at com.testcases.OrangehrmLeaveTestcase.quit(OrangehrmLeaveTestcase.java:39)
at com.testcases.OrangehrmLeaveTestcase.quit(OrangehrmLeaveTestcase.java:39)
at com.testcases.OrangehrmLeaveTestcase.quit(OrangehrmLeaveTestcase.java:39)
at com.testcases.OrangehrmLeaveTestcase.quit(OrangehrmLeaveTestcase.java:39)
at com.testcases.OrangehrmLeaveTestcase.quit(OrangehrmLeaveTestcase.java:39)
at com.testcases.OrangehrmLeaveTestcase.quit(OrangehrmLeaveTestcase.java:39)
at com.testcases.OrangehrmLeaveTestcase.quit(OrangehrmLeaveTestcase.java:39)
at com.testcases.OrangehrmLeaveTestcase.quit(OrangehrmLeaveTestcase.java:39)
at com.testcases.OrangehrmLeaveTestcase.quit(OrangehrmLeaveTestcase.java:39)
at com.testcases.OrangehrmLeaveTestcase.quit(OrangehrmLeaveTestcase.java:39)
at com.testcases.OrangehrmLeaveTestcase.quit(OrangehrmLeaveTestcase.java:39)
at com.testcases.OrangehrmLeaveTestcase.quit(OrangehrmLeaveTestcase.java:39)
at com.testcases.OrangehrmLeaveTestcase.quit(OrangehrmLeaveTestcase.java:39)
at com.testcases.OrangehrmLeaveTestcase.quit(OrangehrmLeaveTestcase.java:39)
at com.testcases.OrangehrmLeaveTestcase.quit(OrangehrmLeaveTestcase.java:39)
at com.testcases.OrangehrmLeaveTestcase.quit(OrangehrmLeaveTestcase.java:39)
at com.testcases.OrangehrmLeaveTestcase.quit(OrangehrmLeaveTestcase.java:39)
at com.testcases.OrangehrmLeaveTestcase.quit(OrangehrmLeaveTestcase.java:39)
at com.testcases.OrangehrmLeaveTestcase.quit(OrangehrmLeaveTestcase.java:39)
at com.testcases.OrangehrmLeaveTestcase.quit(OrangehrmLeaveTestcase.java:39)
at com.testcases.OrangehrmLeaveTestcase.quit(OrangehrmLeaveTestcase.java:39)
at com.testcases.OrangehrmLeaveTestcase.quit(OrangehrmLeaveTestcase.java:39)
at com.testcases.OrangehrmLeaveTestcase.quit(OrangehrmLeaveTestcase.java:39)
at com.testcases.OrangehrmLeaveTestcase.quit(OrangehrmLeaveTestcase.java:39)
at com.testcases.OrangehrmLeaveTestcase.quit(OrangehrmLeaveTestcase.java:39)
at com.testcases.OrangehrmLeaveTestcase.quit(OrangehrmLeaveTestcase.java:39)
at com.testcases.OrangehrmLeaveTestcase.quit(OrangehrmLeaveTestcase.java:39)
at com.testcases.OrangehrmLeaveTestcase.quit(OrangehrmLeaveTestcase.java:39)
at com.testcases.OrangehrmLeaveTestcase.quit(OrangehrmLeaveTestcase.java:39)
at com.testcases.OrangehrmLeaveTestcase.quit(OrangehrmLeaveTestcase.java:39)
at com.testcases.OrangehrmLeaveTestcase.quit(OrangehrmLeaveTestcase.java:39)
at com.testcases.OrangehrmLeaveTestcase.quit(OrangehrmLeaveTestcase.java:39)
at com.testcases.OrangehrmLeaveTestcase.quit(OrangehrmLeaveTestcase.java:39)
at com.testcases.OrangehrmLeaveTestcase.quit(OrangehrmLeaveTestcase.java:39)
at com.testcases.OrangehrmLeaveTestcase.quit(OrangehrmLeaveTestcase.java:39)
at com.testcases.OrangehrmLeaveTestcase.quit(OrangehrmLeaveTestcase.java:39)
at com.testcases.OrangehrmLeaveTestcase.quit(OrangehrmLeaveTestcase.java:39)
at com.testcases.OrangehrmLeaveTestcase.quit(OrangehrmLeaveTestcase.java:39)
at com.testcases.OrangehrmLeaveTestcase.quit(OrangehrmLeaveTestcase.java:39)
at com.testcases.OrangehrmLeaveTestcase.quit(OrangehrmLeaveTestcase.java:39)
at com.testcases.OrangehrmLeaveTestcase.quit(OrangehrmLeaveTestcase.java:39)
at com.testcases.OrangehrmLeaveTestcase.quit(OrangehrmLeaveTestcase.java:39)
at com.testcases.OrangehrmLeaveTestcase.quit(OrangehrmLeaveTestcase.java:39)
at com.testcases.OrangehrmLeaveTestcase.quit(OrangehrmLeaveTestcase.java:39)
at com.testcases.OrangehrmLeaveTestcase.quit(OrangehrmLeaveTestcase.java:39)
at com.testcases.OrangehrmLeaveTestcase.quit(OrangehrmLeaveTestcase.java:39)
at com.testcases.OrangehrmLeaveTestcase.quit(OrangehrmLeaveTestcase.java:39)
at com.testcases.OrangehrmLeaveTestcase.quit(OrangehrmLeaveTestcase.java:39)
at com.testcases.OrangehrmLeaveTestcase.quit(OrangehrmLeaveTestcase.java:39)
at com.testcases.OrangehrmLeaveTestcase.quit(OrangehrmLeaveTestcase.java:39)
at com.testcases.OrangehrmLeaveTestcase.quit(OrangehrmLeaveTestcase.java:39)
at com.testcases.OrangehrmLeaveTestcase.quit(OrangehrmLeaveTestcase.java:39)
at com.testcases.OrangehrmLeaveTestcase.quit(OrangehrmLeaveTestcase.java:39)
at com.testcases.OrangehrmLeaveTestcase.quit(OrangehrmLeaveTestcase.java:39)
at com.testcases.OrangehrmLeaveTestcase.quit(OrangehrmLeaveTestcase.java:39)
at com.testcases.OrangehrmLeaveTestcase.quit(OrangehrmLeaveTestcase.java:39)
at com.testcases.OrangehrmLeaveTestcase.quit(OrangehrmLeaveTestcase.java:39)
at com.testcases.OrangehrmLeaveTestcase.quit(OrangehrmLeaveTestcase.java:39)
at com.testcases.OrangehrmLeaveTestcase.quit(OrangehrmLeaveTestcase.java:39)
at com.testcases.OrangehrmLeaveTestcase.quit(OrangehrmLeaveTestcase.java:39)
at com.testcases.OrangehrmLeaveTestcase.quit(OrangehrmLeaveTestcase.java:39)
at com.testcases.OrangehrmLeaveTestcase.quit(OrangehrmLeaveTestcase.java:39)
at com.testcases.OrangehrmLeaveTestcase.quit(OrangehrmLeaveTestcase.java:39)
at com.testcases.OrangehrmLeaveTestcase.quit(OrangehrmLeaveTestcase.java:39)
at com.testcases.OrangehrmLeaveTestcase.quit(OrangehrmLeaveTestcase.java:39)
at com.testcases.OrangehrmLeaveTestcase.quit(OrangehrmLeaveTestcase.java:39)
at com.testcases.OrangehrmLeaveTestcase.quit(OrangehrmLeaveTestcase.java:39)
at com.testcases.OrangehrmLeaveTestcase.quit(OrangehrmLeaveTestcase.java:39)
at com.testcases.OrangehrmLeaveTestcase.quit(OrangehrmLeaveTestcase.java:39)
at com.testcases.OrangehrmLeaveTestcase.quit(OrangehrmLeaveTestcase.java:39)
at com.testcases.OrangehrmLeaveTestcase.quit(OrangehrmLeaveTestcase.java:39)
at com.testcases.OrangehrmLeaveTestcase.quit(OrangehrmLeaveTestcase.java:39)
at com.testcases.OrangehrmLeaveTestcase.quit(OrangehrmLeaveTestcase.java:39)
at com.testcases.OrangehrmLeaveTestcase.quit(OrangehrmLeaveTestcase.java:39)
at com.testcases.OrangehrmLeaveTestcase.quit(OrangehrmLeaveTestcase.java:39)
at com.testcases.OrangehrmLeaveTestcase.quit(OrangehrmLeaveTestcase.java:39)
at com.testcases.OrangehrmLeaveTestcase.quit(OrangehrmLeaveTestcase.java:39)
at com.testcases.OrangehrmLeaveTestcase.quit(OrangehrmLeaveTestcase.java:39)
at com.testcases.OrangehrmLeaveTestcase.quit(OrangehrmLeaveTestcase.java:39)
at com.testcases.OrangehrmLeaveTestcase.quit(OrangehrmLeaveTestcase.java:39)
at com.testcases.OrangehrmLeaveTestcase.quit(OrangehrmLeaveTestcase.java:39)
at com.testcases.OrangehrmLeaveTestcase.quit(OrangehrmLeaveTestcase.java:39)
at com.testcases.OrangehrmLeaveTestcase.quit(OrangehrmLeaveTestcase.java:39)
at com.testcases.OrangehrmLeaveTestcase.quit(OrangehrmLeaveTestcase.java:39)
at com.testcases.OrangehrmLeaveTestcase.quit(OrangehrmLeaveTestcase.java:39)
at com.testcases.OrangehrmLeaveTestcase.quit(OrangehrmLeaveTestcase.java:39)
at com.testcases.OrangehrmLeaveTestcase.quit(OrangehrmLeaveTestcase.java:39)
at com.testcases.OrangehrmLeaveTestcase.quit(OrangehrmLeaveTestcase.java:39)
at com.testcases.OrangehrmLeaveTestcase.quit(OrangehrmLeaveTestcase.java:39)
at com.testcases.OrangehrmLeaveTestcase.quit(OrangehrmLeaveTestcase.java:39)
at com.testcases.OrangehrmLeaveTestcase.quit(OrangehrmLeaveTestcase.java:39)
at com.testcases.OrangehrmLeaveTestcase.quit(OrangehrmLeaveTestcase.java:39)
at com.testcases.OrangehrmLeaveTestcase.quit(OrangehrmLeaveTestcase.java:39)
at com.testcases.OrangehrmLeaveTestcase.quit(OrangehrmLeaveTestcase.java:39)
at com.testcases.OrangehrmLeaveTestcase.quit(OrangehrmLeaveTestcase.java:39)
at com.testcases.OrangehrmLeaveTestcase.quit(OrangehrmLeaveTestcase.java:39)
at com.testcases.OrangehrmLeaveTestcase.quit(OrangehrmLeaveTestcase.java:39)
at com.testcases.OrangehrmLeaveTestcase.quit(OrangehrmLeaveTestcase.java:39)
at com.testcases.OrangehrmLeaveTestcase.quit(OrangehrmLeaveTestcase.java:39)
at com.testcases.OrangehrmLeaveTestcase.quit(OrangehrmLeaveTestcase.java:39)
at com.testcases.OrangehrmLeaveTestcase.quit(OrangehrmLeaveTestcase.java:39)
at com.testcases.OrangehrmLeaveTestcase.quit(OrangehrmLeaveTestcase.java:39)
at com.testcases.OrangehrmLeaveTestcase.quit(OrangehrmLeaveTestcase.java:39)
at com.testcases.OrangehrmLeaveTestcase.quit(OrangehrmLeaveTestcase.java:39)
at com.testcases.OrangehrmLeaveTestcase.quit(OrangehrmLeaveTestcase.java:39)
at com.testcases.OrangehrmLeaveTestcase.quit(OrangehrmLeaveTestcase.java:39)
at com.testcases.OrangehrmLeaveTestcase.quit(OrangehrmLeaveTestcase.java:39)
at com.testcases.OrangehrmLeaveTestcase.quit(OrangehrmLeaveTestcase.java:39)
at com.testcases.OrangehrmLeaveTestcase.quit(OrangehrmLeaveTestcase.java:39)
at com.testcases.OrangehrmLeaveTestcase.quit(OrangehrmLeaveTestcase.java:39)
at com.testcases.OrangehrmLeaveTestcase.quit(OrangehrmLeaveTestcase.java:39)
at com.testcases.OrangehrmLeaveTestcase.quit(OrangehrmLeaveTestcase.java:39)
at com.testcases.OrangehrmLeaveTestcase.quit(OrangehrmLeaveTestcase.java:39)
at com.testcases.OrangehrmLeaveTestcase.quit(OrangehrmLeaveTestcase.java:39)
at com.testcases.OrangehrmLeaveTestcase.quit(OrangehrmLeaveTestcase.java:39)
at com.testcases.OrangehrmLeaveTestcase.quit(OrangehrmLeaveTestcase.java:39)
at com.testcases.OrangehrmLeaveTestcase.quit(OrangehrmLeaveTestcase.java:39)
at com.testcases.OrangehrmLeaveTestcase.quit(OrangehrmLeaveTestcase.java:39)
at com.testcases.OrangehrmLeaveTestcase.quit(OrangehrmLeaveTestcase.java:39)
at com.testcases.OrangehrmLeaveTestcase.quit(OrangehrmLeaveTestcase.java:39)
at com.testcases.OrangehrmLeaveTestcase.quit(OrangehrmLeaveTestcase.java:39)
at com.testcases.OrangehrmLeaveTestcase.quit(OrangehrmLeaveTestcase.java:39)
at com.testcases.OrangehrmLeaveTestcase.quit(OrangehrmLeaveTestcase.java:39)
at com.testcases.OrangehrmLeaveTestcase.quit(OrangehrmLeaveTestcase.java:39)
at com.testcases.OrangehrmLeaveTestcase.quit(OrangehrmLeaveTestcase.java:39)
at com.testcases.OrangehrmLeaveTestcase.quit(OrangehrmLeaveTestcase.java:39)
at com.testcases.OrangehrmLeaveTestcase.quit(OrangehrmLeaveTestcase.java:39)
at com.testcases.OrangehrmLeaveTestcase.quit(OrangehrmLeaveTestcase.java:39)
at com.testcases.OrangehrmLeaveTestcase.quit(OrangehrmLeaveTestcase.java:39)
at com.testcases.OrangehrmLeaveTestcase.quit(OrangehrmLeaveTestcase.java:39)
at com.testcases.OrangehrmLeaveTestcase.quit(OrangehrmLeaveTestcase.java:39)
at com.testcases.OrangehrmLeaveTestcase.quit(OrangehrmLeaveTestcase.java:39)
at com.testcases.OrangehrmLeaveTestcase.quit(OrangehrmLeaveTestcase.java:39)
at com.testcases.OrangehrmLeaveTestcase.quit(OrangehrmLeaveTestcase.java:39)
at com.testcases.OrangehrmLeaveTestcase.quit(OrangehrmLeaveTestcase.java:39)
at com.testcases.OrangehrmLeaveTestcase.quit(OrangehrmLeaveTestcase.java:39)
at com.testcases.OrangehrmLeaveTestcase.quit(OrangehrmLeaveTestcase.java:39)
at com.testcases.OrangehrmLeaveTestcase.quit(OrangehrmLeaveTestcase.java:39)
at com.testcases.OrangehrmLeaveTestcase.quit(OrangehrmLeaveTestcase.java:39)
at com.testcases.OrangehrmLeaveTestcase.quit(OrangehrmLeaveTestcase.java:39)
at com.testcases.OrangehrmLeaveTestcase.quit(OrangehrmLeaveTestcase.java:39)
at com.testcases.OrangehrmLeaveTestcase.quit(OrangehrmLeaveTestcase.java:39)
at com.testcases.OrangehrmLeaveTestcase.quit(OrangehrmLeaveTestcase.java:39)
at com.testcases.OrangehrmLeaveTestcase.quit(OrangehrmLeaveTestcase.java:39)
at com.testcases.OrangehrmLeaveTestcase.quit(OrangehrmLeaveTestcase.java:39)
at com.testcases.OrangehrmLeaveTestcase.quit(OrangehrmLeaveTestcase.java:39)
at com.testcases.OrangehrmLeaveTestcase.quit(OrangehrmLeaveTestcase.java:39)
at com.testcases.OrangehrmLeaveTestcase.quit(OrangehrmLeaveTestcase.java:39)
at com.testcases.OrangehrmLeaveTestcase.quit(OrangehrmLeaveTestcase.java:39)
at com.testcases.OrangehrmLeaveTestcase.quit(OrangehrmLeaveTestcase.java:39)
at com.testcases.OrangehrmLeaveTestcase.quit(OrangehrmLeaveTestcase.java:39)
at com.testcases.OrangehrmLeaveTestcase.quit(OrangehrmLeaveTestcase.java:39)
at com.testcases.OrangehrmLeaveTestcase.quit(OrangehrmLeaveTestcase.java:39)
at com.testcases.OrangehrmLeaveTestcase.quit(OrangehrmLeaveTestcase.java:39)
at com.testcases.OrangehrmLeaveTestcase.quit(OrangehrmLeaveTestcase.java:39)
at com.testcases.OrangehrmLeaveTestcase.quit(OrangehrmLeaveTestcase.java:39)
at com.testcases.OrangehrmLeaveTestcase.quit(OrangehrmLeaveTestcase.java:39)
at com.testcases.OrangehrmLeaveTestcase.quit(OrangehrmLeaveTestcase.java:39)
at com.testcases.OrangehrmLeaveTestcase.quit(OrangehrmLeaveTestcase.java:39)
at com.testcases.OrangehrmLeaveTestcase.quit(OrangehrmLeaveTestcase.java:39)
at com.testcases.OrangehrmLeaveTestcase.quit(OrangehrmLeaveTestcase.java:39)
at com.testcases.OrangehrmLeaveTestcase.quit(OrangehrmLeaveTestcase.java:39)
at com.testcases.OrangehrmLeaveTestcase.quit(OrangehrmLeaveTestcase.java:39)
at com.testcases.OrangehrmLeaveTestcase.quit(OrangehrmLeaveTestcase.java:39)
at com.testcases.OrangehrmLeaveTestcase.quit(OrangehrmLeaveTestcase.java:39)
at com.testcases.OrangehrmLeaveTestcase.quit(OrangehrmLeaveTestcase.java:39)
at com.testcases.OrangehrmLeaveTestcase.quit(OrangehrmLeaveTestcase.java:39)
at com.testcases.OrangehrmLeaveTestcase.quit(OrangehrmLeaveTestcase.java:39)
at com.testcases.OrangehrmLeaveTestcase.quit(OrangehrmLeaveTestcase.java:39)
at com.testcases.OrangehrmLeaveTestcase.quit(OrangehrmLeaveTestcase.java:39)
at com.testcases.OrangehrmLeaveTestcase.quit(OrangehrmLeaveTestcase.java:39)
at com.testcases.OrangehrmLeaveTestcase.quit(OrangehrmLeaveTestcase.java:39)
at com.testcases.OrangehrmLeaveTestcase.quit(OrangehrmLeaveTestcase.java:39)
at com.testcases.OrangehrmLeaveTestcase.quit(OrangehrmLeaveTestcase.java:39)
at com.testcases.OrangehrmLeaveTestcase.quit(OrangehrmLeaveTestcase.java:39)
at com.testcases.OrangehrmLeaveTestcase.quit(OrangehrmLeaveTestcase.java:39)
at com.testcases.OrangehrmLeaveTestcase.quit(OrangehrmLeaveTestcase.java:39)
at com.testcases.OrangehrmLeaveTestcase.quit(OrangehrmLeaveTestcase.java:39)
at com.testcases.OrangehrmLeaveTestcase.quit(OrangehrmLeaveTestcase.java:39)
at com.testcases.OrangehrmLeaveTestcase.quit(OrangehrmLeaveTestcase.java:39)
at com.testcases.OrangehrmLeaveTestcase.quit(OrangehrmLeaveTestcase.java:39)
at com.testcases.OrangehrmLeaveTestcase.quit(OrangehrmLeaveTestcase.java:39)
at com.testcases.OrangehrmLeaveTestcase.quit(OrangehrmLeaveTestcase.java:39)
at com.testcases.OrangehrmLeaveTestcase.quit(OrangehrmLeaveTestcase.java:39)
at com.testcases.OrangehrmLeaveTestcase.quit(OrangehrmLeaveTestcase.java:39)
at com.testcases.OrangehrmLeaveTestcase.quit(OrangehrmLeaveTestcase.java:39)
at com.testcases.OrangehrmLeaveTestcase.quit(OrangehrmLeaveTestcase.java:39)
at com.testcases.OrangehrmLeaveTestcase.quit(OrangehrmLeaveTestcase.java:39)
at com.testcases.OrangehrmLeaveTestcase.quit(OrangehrmLeaveTestcase.java:39)
at com.testcases.OrangehrmLeaveTestcase.quit(OrangehrmLeaveTestcase.java:39)
at com.testcases.OrangehrmLeaveTestcase.quit(OrangehrmLeaveTestcase.java:39)
at com.testcases.OrangehrmLeaveTestcase.quit(OrangehrmLeaveTestcase.java:39)
at com.testcases.OrangehrmLeaveTestcase.quit(OrangehrmLeaveTestcase.java:39)
at com.testcases.OrangehrmLeaveTestcase.quit(OrangehrmLeaveTestcase.java:39)
at com.testcases.OrangehrmLeaveTestcase.quit(OrangehrmLeaveTestcase.java:39)
at com.testcases.OrangehrmLeaveTestcase.quit(OrangehrmLeaveTestcase.java:39)
at com.testcases.OrangehrmLeaveTestcase.quit(OrangehrmLeaveTestcase.java:39)
at com.testcases.OrangehrmLeaveTestcase.quit(OrangehrmLeaveTestcase.java:39)
at com.testcases.OrangehrmLeaveTestcase.quit(OrangehrmLeaveTestcase.java:39)
at com.testcases.OrangehrmLeaveTestcase.quit(OrangehrmLeaveTestcase.java:39)
at com.testcases.OrangehrmLeaveTestcase.quit(OrangehrmLeaveTestcase.java:39)
at com.testcases.OrangehrmLeaveTestcase.quit(OrangehrmLeaveTestcase.java:39)
at com.testcases.OrangehrmLeaveTestcase.quit(OrangehrmLeaveTestcase.java:39)
at com.testcases.OrangehrmLeaveTestcase.quit(OrangehrmLeaveTestcase.java:39)
at com.testcases.OrangehrmLeaveTestcase.quit(OrangehrmLeaveTestcase.java:39)
at com.testcases.OrangehrmLeaveTestcase.quit(OrangehrmLeaveTestcase.java:39)
at com.testcases.OrangehrmLeaveTestcase.quit(OrangehrmLeaveTestcase.java:39)
at com.testcases.OrangehrmLeaveTestcase.quit(OrangehrmLeaveTestcase.java:39)
at com.testcases.OrangehrmLeaveTestcase.quit(OrangehrmLeaveTestcase.java:39)
at com.testcases.OrangehrmLeaveTestcase.quit(OrangehrmLeaveTestcase.java:39)
at com.testcases.OrangehrmLeaveTestcase.quit(OrangehrmLeaveTestcase.java:39)
at com.testcases.OrangehrmLeaveTestcase.quit(OrangehrmLeaveTestcase.java:39)
at com.testcases.OrangehrmLeaveTestcase.quit(OrangehrmLeaveTestcase.java:39)
at com.testcases.OrangehrmLeaveTestcase.quit(OrangehrmLeaveTestcase.java:39)
at com.testcases.OrangehrmLeaveTestcase.quit(OrangehrmLeaveTestcase.java:39)
at com.testcases.OrangehrmLeaveTestcase.quit(OrangehrmLeaveTestcase.java:39)
at com.testcases.OrangehrmLeaveTestcase.quit(OrangehrmLeaveTestcase.java:39)
at com.testcases.OrangehrmLeaveTestcase.quit(OrangehrmLeaveTestcase.java:39)
at com.testcases.OrangehrmLeaveTestcase.quit(OrangehrmLeaveTestcase.java:39)
at com.testcases.OrangehrmLeaveTestcase.quit(OrangehrmLeaveTestcase.java:39)
at com.testcases.OrangehrmLeaveTestcase.quit(OrangehrmLeaveTestcase.java:39)
at com.testcases.OrangehrmLeaveTestcase.quit(OrangehrmLeaveTestcase.java:39)
at com.testcases.OrangehrmLeaveTestcase.quit(OrangehrmLeaveTestcase.java:39)
at com.testcases.OrangehrmLeaveTestcase.quit(OrangehrmLeaveTestcase.java:39)
at com.testcases.OrangehrmLeaveTestcase.quit(OrangehrmLeaveTestcase.java:39)
at com.testcases.OrangehrmLeaveTestcase.quit(OrangehrmLeaveTestcase.java:39)
at com.testcases.OrangehrmLeaveTestcase.quit(OrangehrmLeaveTestcase.java:39)
at com.testcases.OrangehrmLeaveTestcase.quit(OrangehrmLeaveTestcase.java:39)
at com.testcases.OrangehrmLeaveTestcase.quit(OrangehrmLeaveTestcase.java:39)
at com.testcases.OrangehrmLeaveTestcase.quit(OrangehrmLeaveTestcase.java:39)
at com.testcases.OrangehrmLeaveTestcase.quit(OrangehrmLeaveTestcase.java:39)
at com.testcases.OrangehrmLeaveTestcase.quit(OrangehrmLeaveTestcase.java:39)
at com.testcases.OrangehrmLeaveTestcase.quit(OrangehrmLeaveTestcase.java:39)
at com.testcases.OrangehrmLeaveTestcase.quit(OrangehrmLeaveTestcase.java:39)
at com.testcases.OrangehrmLeaveTestcase.quit(OrangehrmLeaveTestcase.java:39)
at com.testcases.OrangehrmLeaveTestcase.quit(OrangehrmLeaveTestcase.java:39)
at com.testcases.OrangehrmLeaveTestcase.quit(OrangehrmLeaveTestcase.java:39)
at com.testcases.OrangehrmLeaveTestcase.quit(OrangehrmLeaveTestcase.java:39)
at com.testcases.OrangehrmLeaveTestcase.quit(OrangehrmLeaveTestcase.java:39)
at com.testcases.OrangehrmLeaveTestcase.quit(OrangehrmLeaveTestcase.java:39)
at com.testcases.OrangehrmLeaveTestcase.quit(OrangehrmLeaveTestcase.java:39)
at com.testcases.OrangehrmLeaveTestcase.quit(OrangehrmLeaveTestcase.java:39)
at com.testcases.OrangehrmLeaveTestcase.quit(OrangehrmLeaveTestcase.java:39)
at com.testcases.OrangehrmLeaveTestcase.quit(OrangehrmLeaveTestcase.java:39)
at com.testcases.OrangehrmLeaveTestcase.quit(OrangehrmLeaveTestcase.java:39)
at com.testcases.OrangehrmLeaveTestcase.quit(OrangehrmLeaveTestcase.java:39)
at com.testcases.OrangehrmLeaveTestcase.quit(OrangehrmLeaveTestcase.java:39)
at com.testcases.OrangehrmLeaveTestcase.quit(OrangehrmLeaveTestcase.java:39)
at com.testcases.OrangehrmLeaveTestcase.quit(OrangehrmLeaveTestcase.java:39)
at com.testcases.OrangehrmLeaveTestcase.quit(OrangehrmLeaveTestcase.java:39)
at com.testcases.OrangehrmLeaveTestcase.quit(OrangehrmLeaveTestcase.java:39)
at com.testcases.OrangehrmLeaveTestcase.quit(OrangehrmLeaveTestcase.java:39)
at com.testcases.OrangehrmLeaveTestcase.quit(OrangehrmLeaveTestcase.java:39)
at com.testcases.OrangehrmLeaveTestcase.quit(OrangehrmLeaveTestcase.java:39)
at com.testcases.OrangehrmLeaveTestcase.quit(OrangehrmLeaveTestcase.java:39)
at com.testcases.OrangehrmLeaveTestcase.quit(OrangehrmLeaveTestcase.java:39)
at com.testcases.OrangehrmLeaveTestcase.quit(OrangehrmLeaveTestcase.java:39)
at com.testcases.OrangehrmLeaveTestcase.quit(OrangehrmLeaveTestcase.java:39)
at com.testcases.OrangehrmLeaveTestcase.quit(OrangehrmLeaveTestcase.java:39)
at com.testcases.OrangehrmLeaveTestcase.quit(OrangehrmLeaveTestcase.java:39)
at com.testcases.OrangehrmLeaveTestcase.quit(OrangehrmLeaveTestcase.java:39)
at com.testcases.OrangehrmLeaveTestcase.quit(OrangehrmLeaveTestcase.java:39)
at com.testcases.OrangehrmLeaveTestcase.quit(OrangehrmLeaveTestcase.java:39)
at com.testcases.OrangehrmLeaveTestcase.quit(OrangehrmLeaveTestcase.java:39)
at com.testcases.OrangehrmLeaveTestcase.quit(OrangehrmLeaveTestcase.java:39)
at com.testcases.OrangehrmLeaveTestcase.quit(OrangehrmLeaveTestcase.java:39)
at com.testcases.OrangehrmLeaveTestcase.quit(OrangehrmLeaveTestcase.java:39)
at com.testcases.OrangehrmLeaveTestcase.quit(OrangehrmLeaveTestcase.java:39)
at com.testcases.OrangehrmLeaveTestcase.quit(OrangehrmLeaveTestcase.java:39)
at com.testcases.OrangehrmLeaveTestcase.quit(OrangehrmLeaveTestcase.java:39)
at com.testcases.OrangehrmLeaveTestcase.quit(OrangehrmLeaveTestcase.java:39)
at com.testcases.OrangehrmLeaveTestcase.quit(OrangehrmLeaveTestcase.java:39)
at com.testcases.OrangehrmLeaveTestcase.quit(OrangehrmLeaveTestcase.java:39)
at com.testcases.OrangehrmLeaveTestcase.quit(OrangehrmLeaveTestcase.java:39)
at com.testcases.OrangehrmLeaveTestcase.quit(OrangehrmLeaveTestcase.java:39)
at com.testcases.OrangehrmLeaveTestcase.quit(OrangehrmLeaveTestcase.java:39)
at com.testcases.OrangehrmLeaveTestcase.quit(OrangehrmLeaveTestcase.java:39)
at com.testcases.OrangehrmLeaveTestcase.quit(OrangehrmLeaveTestcase.java:39)
at com.testcases.OrangehrmLeaveTestcase.quit(OrangehrmLeaveTestcase.java:39)
at com.testcases.OrangehrmLeaveTestcase.quit(OrangehrmLeaveTestcase.java:39)
at com.testcases.OrangehrmLeaveTestcase.quit(OrangehrmLeaveTestcase.java:39)
at com.testcases.OrangehrmLeaveTestcase.quit(OrangehrmLeaveTestcase.java:39)
at com.testcases.OrangehrmLeaveTestcase.quit(OrangehrmLeaveTestcase.java:39)
at com.testcases.OrangehrmLeaveTestcase.quit(OrangehrmLeaveTestcase.java:39)
at com.testcases.OrangehrmLeaveTestcase.quit(OrangehrmLeaveTestcase.java:39)
at com.testcases.OrangehrmLeaveTestcase.quit(OrangehrmLeaveTestcase.java:39)
at com.testcases.OrangehrmLeaveTestcase.quit(OrangehrmLeaveTestcase.java:39)
at com.testcases.OrangehrmLeaveTestcase.quit(OrangehrmLeaveTestcase.java:39)
at com.testcases.OrangehrmLeaveTestcase.quit(OrangehrmLeaveTestcase.java:39)
at com.testcases.OrangehrmLeaveTestcase.quit(OrangehrmLeaveTestcase.java:39)
at com.testcases.OrangehrmLeaveTestcase.quit(OrangehrmLeaveTestcase.java:39)
at com.testcases.OrangehrmLeaveTestcase.quit(OrangehrmLeaveTestcase.java:39)
at com.testcases.OrangehrmLeaveTestcase.quit(OrangehrmLeaveTestcase.java:39)
at com.testcases.OrangehrmLeaveTestcase.quit(OrangehrmLeaveTestcase.java:39)
at com.testcases.OrangehrmLeaveTestcase.quit(OrangehrmLeaveTestcase.java:39)
at com.testcases.OrangehrmLeaveTestcase.quit(OrangehrmLeaveTestcase.java:39)
at com.testcases.OrangehrmLeaveTestcase.quit(OrangehrmLeaveTestcase.java:39)
at com.testcases.OrangehrmLeaveTestcase.quit(OrangehrmLeaveTestcase.java:39)
at com.testcases.OrangehrmLeaveTestcase.quit(OrangehrmLeaveTestcase.java:39)
at com.testcases.OrangehrmLeaveTestcase.quit(OrangehrmLeaveTestcase.java:39)
at com.testcases.OrangehrmLeaveTestcase.quit(OrangehrmLeaveTestcase.java:39)
at com.testcases.OrangehrmLeaveTestcase.quit(OrangehrmLeaveTestcase.java:39)
at com.testcases.OrangehrmLeaveTestcase.quit(OrangehrmLeaveTestcase.java:39)
at com.testcases.OrangehrmLeaveTestcase.quit(OrangehrmLeaveTestcase.java:39)
at com.testcases.OrangehrmLeaveTestcase.quit(OrangehrmLeaveTestcase.java:39)
at com.testcases.OrangehrmLeaveTestcase.quit(OrangehrmLeaveTestcase.java:39)
at com.testcases.OrangehrmLeaveTestcase.quit(OrangehrmLeaveTestcase.java:39)
at com.testcases.OrangehrmLeaveTestcase.quit(OrangehrmLeaveTestcase.java:39)
at com.testcases.OrangehrmLeaveTestcase.quit(OrangehrmLeaveTestcase.java:39)
at com.testcases.OrangehrmLeaveTestcase.quit(OrangehrmLeaveTestcase.java:39)
at com.testcases.OrangehrmLeaveTestcase.quit(OrangehrmLeaveTestcase.java:39)
at com.testcases.OrangehrmLeaveTestcase.quit(OrangehrmLeaveTestcase.java:39)
at com.testcases.OrangehrmLeaveTestcase.quit(OrangehrmLeaveTestcase.java:39)
at com.testcases.OrangehrmLeaveTestcase.quit(OrangehrmLeaveTestcase.java:39)
at com.testcases.OrangehrmLeaveTestcase.quit(OrangehrmLeaveTestcase.java:39)
at com.testcases.OrangehrmLeaveTestcase.quit(OrangehrmLeaveTestcase.java:39)
at com.testcases.OrangehrmLeaveTestcase.quit(OrangehrmLeaveTestcase.java:39)
at com.testcases.OrangehrmLeaveTestcase.quit(OrangehrmLeaveTestcase.java:39)
at com.testcases.OrangehrmLeaveTestcase.quit(OrangehrmLeaveTestcase.java:39)
at com.testcases.OrangehrmLeaveTestcase.quit(OrangehrmLeaveTestcase.java:39)
at com.testcases.OrangehrmLeaveTestcase.quit(OrangehrmLeaveTestcase.java:39)
at com.testcases.OrangehrmLeaveTestcase.quit(OrangehrmLeaveTestcase.java:39)
at com.testcases.OrangehrmLeaveTestcase.quit(OrangehrmLeaveTestcase.java:39)
at com.testcases.OrangehrmLeaveTestcase.quit(OrangehrmLeaveTestcase.java:39)
at com.testcases.OrangehrmLeaveTestcase.quit(OrangehrmLeaveTestcase.java:39)
at com.testcases.OrangehrmLeaveTestcase.quit(OrangehrmLeaveTestcase.java:39)
at com.testcases.OrangehrmLeaveTestcase.quit(OrangehrmLeaveTestcase.java:39)
at com.testcases.OrangehrmLeaveTestcase.quit(OrangehrmLeaveTestcase.java:39)
at com.testcases.OrangehrmLeaveTestcase.quit(OrangehrmLeaveTestcase.java:39)
at com.testcases.OrangehrmLeaveTestcase.quit(OrangehrmLeaveTestcase.java:39)
at com.testcases.OrangehrmLeaveTestcase.quit(OrangehrmLeaveTestcase.java:39)
at com.testcases.OrangehrmLeaveTestcase.quit(OrangehrmLeaveTestcase.java:39)
at com.testcases.OrangehrmLeaveTestcase.quit(OrangehrmLeaveTestcase.java:39)
at com.testcases.OrangehrmLeaveTestcase.quit(OrangehrmLeaveTestcase.java:39)
at com.testcases.OrangehrmLeaveTestcase.quit(OrangehrmLeaveTestcase.java:39)
at com.testcases.OrangehrmLeaveTestcase.quit(OrangehrmLeaveTestcase.java:39)
at com.testcases.OrangehrmLeaveTestcase.quit(OrangehrmLeaveTestcase.java:39)
at com.testcases.OrangehrmLeaveTestcase.quit(OrangehrmLeaveTestcase.java:39)
at com.testcases.OrangehrmLeaveTestcase.quit(OrangehrmLeaveTestcase.java:39)
at com.testcases.OrangehrmLeaveTestcase.quit(OrangehrmLeaveTestcase.java:39)
at com.testcases.OrangehrmLeaveTestcase.quit(OrangehrmLeaveTestcase.java:39)
at com.testcases.OrangehrmLeaveTestcase.quit(OrangehrmLeaveTestcase.java:39)
at com.testcases.OrangehrmLeaveTestcase.quit(OrangehrmLeaveTestcase.java:39)
at com.testcases.OrangehrmLeaveTestcase.quit(OrangehrmLeaveTestcase.java:39)
at com.testcases.OrangehrmLeaveTestcase.quit(OrangehrmLeaveTestcase.java:39)
at com.testcases.OrangehrmLeaveTestcase.quit(OrangehrmLeaveTestcase.java:39)
at com.testcases.OrangehrmLeaveTestcase.quit(OrangehrmLeaveTestcase.java:39)
at com.testcases.OrangehrmLeaveTestcase.quit(OrangehrmLeaveTestcase.java:39)
at com.testcases.OrangehrmLeaveTestcase.quit(OrangehrmLeaveTestcase.java:39)
at com.testcases.OrangehrmLeaveTestcase.quit(OrangehrmLeaveTestcase.java:39)
at com.testcases.OrangehrmLeaveTestcase.quit(OrangehrmLeaveTestcase.java:39)
at com.testcases.OrangehrmLeaveTestcase.quit(OrangehrmLeaveTestcase.java:39)
at com.testcases.OrangehrmLeaveTestcase.quit(OrangehrmLeaveTestcase.java:39)
at com.testcases.OrangehrmLeaveTestcase.quit(OrangehrmLeaveTestcase.java:39)
at com.testcases.OrangehrmLeaveTestcase.quit(OrangehrmLeaveTestcase.java:39)
at com.testcases.OrangehrmLeaveTestcase.quit(OrangehrmLeaveTestcase.java:39)
at com.testcases.OrangehrmLeaveTestcase.quit(OrangehrmLeaveTestcase.java:39)
at com.testcases.OrangehrmLeaveTestcase.quit(OrangehrmLeaveTestcase.java:39)
at com.testcases.OrangehrmLeaveTestcase.quit(OrangehrmLeaveTestcase.java:39)
at com.testcases.OrangehrmLeaveTestcase.quit(OrangehrmLeaveTestcase.java:39)
at com.testcases.OrangehrmLeaveTestcase.quit(OrangehrmLeaveTestcase.java:39)
at com.testcases.OrangehrmLeaveTestcase.quit(OrangehrmLeaveTestcase.java:39)
at com.testcases.OrangehrmLeaveTestcase.quit(OrangehrmLeaveTestcase.java:39)
at com.testcases.OrangehrmLeaveTestcase.quit(OrangehrmLeaveTestcase.java:39)
at com.testcases.OrangehrmLeaveTestcase.quit(OrangehrmLeaveTestcase.java:39)
at com.testcases.OrangehrmLeaveTestcase.quit(OrangehrmLeaveTestcase.java:39)
at com.testcases.OrangehrmLeaveTestcase.quit(OrangehrmLeaveTestcase.java:39)
at com.testcases.OrangehrmLeaveTestcase.quit(OrangehrmLeaveTestcase.java:39)
at com.testcases.OrangehrmLeaveTestcase.quit(OrangehrmLeaveTestcase.java:39)
at com.testcases.OrangehrmLeaveTestcase.quit(OrangehrmLeaveTestcase.java:39)
at com.testcases.OrangehrmLeaveTestcase.quit(OrangehrmLeaveTestcase.java:39)
at com.testcases.OrangehrmLeaveTestcase.quit(OrangehrmLeaveTestcase.java:39)
at com.testcases.OrangehrmLeaveTestcase.quit(OrangehrmLeaveTestcase.java:39)
at com.testcases.OrangehrmLeaveTestcase.quit(OrangehrmLeaveTestcase.java:39)
at com.testcases.OrangehrmLeaveTestcase.quit(OrangehrmLeaveTestcase.java:39)
at com.testcases.OrangehrmLeaveTestcase.quit(OrangehrmLeaveTestcase.java:39)
at com.testcases.OrangehrmLeaveTestcase.quit(OrangehrmLeaveTestcase.java:39)
at com.testcases.OrangehrmLeaveTestcase.quit(OrangehrmLeaveTestcase.java:39)
at com.testcases.OrangehrmLeaveTestcase.quit(OrangehrmLeaveTestcase.java:39)
at com.testcases.OrangehrmLeaveTestcase.quit(OrangehrmLeaveTestcase.java:39)
at com.testcases.OrangehrmLeaveTestcase.quit(OrangehrmLeaveTestcase.java:39)
at com.testcases.OrangehrmLeaveTestcase.quit(OrangehrmLeaveTestcase.java:39)
at com.testcases.OrangehrmLeaveTestcase.quit(OrangehrmLeaveTestcase.java:39)
at com.testcases.OrangehrmLeaveTestcase.quit(OrangehrmLeaveTestcase.java:39)
at com.testcases.OrangehrmLeaveTestcase.quit(OrangehrmLeaveTestcase.java:39)
at com.testcases.OrangehrmLeaveTestcase.quit(OrangehrmLeaveTestcase.java:39)
at com.testcases.OrangehrmLeaveTestcase.quit(OrangehrmLeaveTestcase.java:39)
at com.testcases.OrangehrmLeaveTestcase.quit(OrangehrmLeaveTestcase.java:39)
at com.testcases.OrangehrmLeaveTestcase.quit(OrangehrmLeaveTestcase.java:39)
at com.testcases.OrangehrmLeaveTestcase.quit(OrangehrmLeaveTestcase.java:39)
at com.testcases.OrangehrmLeaveTestcase.quit(OrangehrmLeaveTestcase.java:39)
at com.testcases.OrangehrmLeaveTestcase.quit(OrangehrmLeaveTestcase.java:39)
at com.testcases.OrangehrmLeaveTestcase.quit(OrangehrmLeaveTestcase.java:39)
at com.testcases.OrangehrmLeaveTestcase.quit(OrangehrmLeaveTestcase.java:39)
at com.testcases.OrangehrmLeaveTestcase.quit(OrangehrmLeaveTestcase.java:39)
at com.testcases.OrangehrmLeaveTestcase.quit(OrangehrmLeaveTestcase.java:39)
at com.testcases.OrangehrmLeaveTestcase.quit(OrangehrmLeaveTestcase.java:39)
at com.testcases.OrangehrmLeaveTestcase.quit(OrangehrmLeaveTestcase.java:39)
at com.testcases.OrangehrmLeaveTestcase.quit(OrangehrmLeaveTestcase.java:39)
at com.testcases.OrangehrmLeaveTestcase.quit(OrangehrmLeaveTestcase.java:39)
at com.testcases.OrangehrmLeaveTestcase.quit(OrangehrmLeaveTestcase.java:39)
at com.testcases.OrangehrmLeaveTestcase.quit(OrangehrmLeaveTestcase.java:39)
at com.testcases.OrangehrmLeaveTestcase.quit(OrangehrmLeaveTestcase.java:39)
at com.testcases.OrangehrmLeaveTestcase.quit(OrangehrmLeaveTestcase.java:39)
at com.testcases.OrangehrmLeaveTestcase.quit(OrangehrmLeaveTestcase.java:39)
at com.testcases.OrangehrmLeaveTestcase.quit(OrangehrmLeaveTestcase.java:39)
at com.testcases.OrangehrmLeaveTestcase.quit(OrangehrmLeaveTestcase.java:39)
at com.testcases.OrangehrmLeaveTestcase.quit(OrangehrmLeaveTestcase.java:39)
at com.testcases.OrangehrmLeaveTestcase.quit(OrangehrmLeaveTestcase.java:39)
at com.testcases.OrangehrmLeaveTestcase.quit(OrangehrmLeaveTestcase.java:39)
at com.testcases.OrangehrmLeaveTestcase.quit(OrangehrmLeaveTestcase.java:39)
at com.testcases.OrangehrmLeaveTestcase.quit(OrangehrmLeaveTestcase.java:39)
at com.testcases.OrangehrmLeaveTestcase.quit(OrangehrmLeaveTestcase.java:39)
at com.testcases.OrangehrmLeaveTestcase.quit(OrangehrmLeaveTestcase.java:39)
at com.testcases.OrangehrmLeaveTestcase.quit(OrangehrmLeaveTestcase.java:39)
at com.testcases.OrangehrmLeaveTestcase.quit(OrangehrmLeaveTestcase.java:39)
at com.testcases.OrangehrmLeaveTestcase.quit(OrangehrmLeaveTestcase.java:39)
at com.testcases.OrangehrmLeaveTestcase.quit(OrangehrmLeaveTestcase.java:39)
at com.testcases.OrangehrmLeaveTestcase.quit(OrangehrmLeaveTestcase.java:39)
at com.testcases.OrangehrmLeaveTestcase.quit(OrangehrmLeaveTestcase.java:39)
at com.testcases.OrangehrmLeaveTestcase.quit(OrangehrmLeaveTestcase.java:39)
at com.testcases.OrangehrmLeaveTestcase.quit(OrangehrmLeaveTestcase.java:39)
at com.testcases.OrangehrmLeaveTestcase.quit(OrangehrmLeaveTestcase.java:39)
at com.testcases.OrangehrmLeaveTestcase.quit(OrangehrmLeaveTestcase.java:39)
at com.testcases.OrangehrmLeaveTestcase.quit(OrangehrmLeaveTestcase.java:39)
at com.testcases.OrangehrmLeaveTestcase.quit(OrangehrmLeaveTestcase.java:39)
at com.testcases.OrangehrmLeaveTestcase.quit(OrangehrmLeaveTestcase.java:39)
at com.testcases.OrangehrmLeaveTestcase.quit(OrangehrmLeaveTestcase.java:39)
at com.testcases.OrangehrmLeaveTestcase.quit(OrangehrmLeaveTestcase.java:39)
at com.testcases.OrangehrmLeaveTestcase.quit(OrangehrmLeaveTestcase.java:39)
at com.testcases.OrangehrmLeaveTestcase.quit(OrangehrmLeaveTestcase.java:39)
at com.testcases.OrangehrmLeaveTestcase.quit(OrangehrmLeaveTestcase.java:39)
at com.testcases.OrangehrmLeaveTestcase.quit(OrangehrmLeaveTestcase.java:39)
at com.testcases.OrangehrmLeaveTestcase.quit(OrangehrmLeaveTestcase.java:39)
at com.testcases.OrangehrmLeaveTestcase.quit(OrangehrmLeaveTestcase.java:39)
at com.testcases.OrangehrmLeaveTestcase.quit(OrangehrmLeaveTestcase.java:39)
at com.testcases.OrangehrmLeaveTestcase.quit(OrangehrmLeaveTestcase.java:39)
at com.testcases.OrangehrmLeaveTestcase.quit(OrangehrmLeaveTestcase.java:39)
at com.testcases.OrangehrmLeaveTestcase.quit(OrangehrmLeaveTestcase.java:39)
at com.testcases.OrangehrmLeaveTestcase.quit(OrangehrmLeaveTestcase.java:39)
at com.testcases.OrangehrmLeaveTestcase.quit(OrangehrmLeaveTestcase.java:39)
at com.testcases.OrangehrmLeaveTestcase.quit(OrangehrmLeaveTestcase.java:39)
at com.testcases.OrangehrmLeaveTestcase.quit(OrangehrmLeaveTestcase.java:39)
at com.testcases.OrangehrmLeaveTestcase.quit(OrangehrmLeaveTestcase.java:39)
at com.testcases.OrangehrmLeaveTestcase.quit(OrangehrmLeaveTestcase.java:39)
at com.testcases.OrangehrmLeaveTestcase.quit(OrangehrmLeaveTestcase.java:39)
at com.testcases.OrangehrmLeaveTestcase.quit(OrangehrmLeaveTestcase.java:39)
at com.testcases.OrangehrmLeaveTestcase.quit(OrangehrmLeaveTestcase.java:39)
at com.testcases.OrangehrmLeaveTestcase.quit(OrangehrmLeaveTestcase.java:39)
at com.testcases.OrangehrmLeaveTestcase.quit(OrangehrmLeaveTestcase.java:39)
at com.testcases.OrangehrmLeaveTestcase.quit(OrangehrmLeaveTestcase.java:39)
at com.testcases.OrangehrmLeaveTestcase.quit(OrangehrmLeaveTestcase.java:39)
at com.testcases.OrangehrmLeaveTestcase.quit(OrangehrmLeaveTestcase.java:39)
at com.testcases.OrangehrmLeaveTestcase.quit(OrangehrmLeaveTestcase.java:39)
at com.testcases.OrangehrmLeaveTestcase.quit(OrangehrmLeaveTestcase.java:39)
at com.testcases.OrangehrmLeaveTestcase.quit(OrangehrmLeaveTestcase.java:39)
at com.testcases.OrangehrmLeaveTestcase.quit(OrangehrmLeaveTestcase.java:39)
at com.testcases.OrangehrmLeaveTestcase.quit(OrangehrmLeaveTestcase.java:39)
at com.testcases.OrangehrmLeaveTestcase.quit(OrangehrmLeaveTestcase.java:39)
at com.testcases.OrangehrmLeaveTestcase.quit(OrangehrmLeaveTestcase.java:39)
at com.testcases.OrangehrmLeaveTestcase.quit(OrangehrmLeaveTestcase.java:39)
at com.testcases.OrangehrmLeaveTestcase.quit(OrangehrmLeaveTestcase.java:39)
at com.testcases.OrangehrmLeaveTestcase.quit(OrangehrmLeaveTestcase.java:39)
at com.testcases.OrangehrmLeaveTestcase.quit(OrangehrmLeaveTestcase.java:39)
at com.testcases.OrangehrmLeaveTestcase.quit(OrangehrmLeaveTestcase.java:39)
at com.testcases.OrangehrmLeaveTestcase.quit(OrangehrmLeaveTestcase.java:39)
at com.testcases.OrangehrmLeaveTestcase.quit(OrangehrmLeaveTestcase.java:39)
at com.testcases.OrangehrmLeaveTestcase.quit(OrangehrmLeaveTestcase.java:39)
at com.testcases.OrangehrmLeaveTestcase.quit(OrangehrmLeaveTestcase.java:39)
at com.testcases.OrangehrmLeaveTestcase.quit(OrangehrmLeaveTestcase.java:39)
at com.testcases.OrangehrmLeaveTestcase.quit(OrangehrmLeaveTestcase.java:39)
at com.testcases.OrangehrmLeaveTestcase.quit(OrangehrmLeaveTestcase.java:39)
at com.testcases.OrangehrmLeaveTestcase.quit(OrangehrmLeaveTestcase.java:39)
at com.testcases.OrangehrmLeaveTestcase.quit(OrangehrmLeaveTestcase.java:39)
at com.testcases.OrangehrmLeaveTestcase.quit(OrangehrmLeaveTestcase.java:39)
at com.testcases.OrangehrmLeaveTestcase.quit(OrangehrmLeaveTestcase.java:39)
at com.testcases.OrangehrmLeaveTestcase.quit(OrangehrmLeaveTestcase.java:39)
at com.testcases.OrangehrmLeaveTestcase.quit(OrangehrmLeaveTestcase.java:39)
at com.testcases.OrangehrmLeaveTestcase.quit(OrangehrmLeaveTestcase.java:39)
at com.testcases.OrangehrmLeaveTestcase.quit(OrangehrmLeaveTestcase.java:39)
at com.testcases.OrangehrmLeaveTestcase.quit(OrangehrmLeaveTestcase.java:39)
at com.testcases.OrangehrmLeaveTestcase.quit(OrangehrmLeaveTestcase.java:39)
at com.testcases.OrangehrmLeaveTestcase.quit(OrangehrmLeaveTestcase.java:39)
at com.testcases.OrangehrmLeaveTestcase.quit(OrangehrmLeaveTestcase.java:39)
at com.testcases.OrangehrmLeaveTestcase.quit(OrangehrmLeaveTestcase.java:39)
at com.testcases.OrangehrmLeaveTestcase.quit(OrangehrmLeaveTestcase.java:39)
at com.testcases.OrangehrmLeaveTestcase.quit(OrangehrmLeaveTestcase.java:39)
at com.testcases.OrangehrmLeaveTestcase.quit(OrangehrmLeaveTestcase.java:39)
at com.testcases.OrangehrmLeaveTestcase.quit(OrangehrmLeaveTestcase.java:39)
at com.testcases.OrangehrmLeaveTestcase.quit(OrangehrmLeaveTestcase.java:39)
at com.testcases.OrangehrmLeaveTestcase.quit(OrangehrmLeaveTestcase.java:39)
at com.testcases.OrangehrmLeaveTestcase.quit(OrangehrmLeaveTestcase.java:39)
at com.testcases.OrangehrmLeaveTestcase.quit(OrangehrmLeaveTestcase.java:39)
at com.testcases.OrangehrmLeaveTestcase.quit(OrangehrmLeaveTestcase.java:39)
at com.testcases.OrangehrmLeaveTestcase.quit(OrangehrmLeaveTestcase.java:39)
at com.testcases.OrangehrmLeaveTestcase.quit(OrangehrmLeaveTestcase.java:39)
at com.testcases.OrangehrmLeaveTestcase.quit(OrangehrmLeaveTestcase.java:39)
at com.testcases.OrangehrmLeaveTestcase.quit(OrangehrmLeaveTestcase.java:39)
at com.testcases.OrangehrmLeaveTestcase.quit(OrangehrmLeaveTestcase.java:39)
at com.testcases.OrangehrmLeaveTestcase.quit(OrangehrmLeaveTestcase.java:39)
at com.testcases.OrangehrmLeaveTestcase.quit(OrangehrmLeaveTestcase.java:39)
at com.testcases.OrangehrmLeaveTestcase.quit(OrangehrmLeaveTestcase.java:39)
at com.testcases.OrangehrmLeaveTestcase.quit(OrangehrmLeaveTestcase.java:39)
at com.testcases.OrangehrmLeaveTestcase.quit(OrangehrmLeaveTestcase.java:39)
at com.testcases.OrangehrmLeaveTestcase.quit(OrangehrmLeaveTestcase.java:39)
at com.testcases.OrangehrmLeaveTestcase.quit(OrangehrmLeaveTestcase.java:39)
at com.testcases.OrangehrmLeaveTestcase.quit(OrangehrmLeaveTestcase.java:39)
at com.testcases.OrangehrmLeaveTestcase.quit(OrangehrmLeaveTestcase.java:39)
at com.testcases.OrangehrmLeaveTestcase.quit(OrangehrmLeaveTestcase.java:39)
at com.testcases.OrangehrmLeaveTestcase.quit(OrangehrmLeaveTestcase.java:39)
at com.testcases.OrangehrmLeaveTestcase.quit(OrangehrmLeaveTestcase.java:39)
at com.testcases.OrangehrmLeaveTestcase.quit(OrangehrmLeaveTestcase.java:39)
at com.testcases.OrangehrmLeaveTestcase.quit(OrangehrmLeaveTestcase.java:39)
at com.testcases.OrangehrmLeaveTestcase.quit(OrangehrmLeaveTestcase.java:39)
at com.testcases.OrangehrmLeaveTestcase.quit(OrangehrmLeaveTestcase.java:39)
at com.testcases.OrangehrmLeaveTestcase.quit(OrangehrmLeaveTestcase.java:39)
at com.testcases.OrangehrmLeaveTestcase.quit(OrangehrmLeaveTestcase.java:39)
at com.testcases.OrangehrmLeaveTestcase.quit(OrangehrmLeaveTestcase.java:39)
at com.testcases.OrangehrmLeaveTestcase.quit(OrangehrmLeaveTestcase.java:39)
at com.testcases.OrangehrmLeaveTestcase.quit(OrangehrmLeaveTestcase.java:39)
at com.testcases.OrangehrmLeaveTestcase.quit(OrangehrmLeaveTestcase.java:39)
at com.testcases.OrangehrmLeaveTestcase.quit(OrangehrmLeaveTestcase.java:39)
at com.testcases.OrangehrmLeaveTestcase.quit(OrangehrmLeaveTestcase.java:39)
at com.testcases.OrangehrmLeaveTestcase.quit(OrangehrmLeaveTestcase.java:39)
at com.testcases.OrangehrmLeaveTestcase.quit(OrangehrmLeaveTestcase.java:39)
at com.testcases.OrangehrmLeaveTestcase.quit(OrangehrmLeaveTestcase.java:39)
at com.testcases.OrangehrmLeaveTestcase.quit(OrangehrmLeaveTestcase.java:39)
at com.testcases.OrangehrmLeaveTestcase.quit(OrangehrmLeaveTestcase.java:39)
at com.testcases.OrangehrmLeaveTestcase.quit(OrangehrmLeaveTestcase.java:39)
at com.testcases.OrangehrmLeaveTestcase.quit(OrangehrmLeaveTestcase.java:39)
at com.testcases.OrangehrmLeaveTestcase.quit(OrangehrmLeaveTestcase.java:39)
at com.testcases.OrangehrmLeaveTestcase.quit(OrangehrmLeaveTestcase.java:39)
at com.testcases.OrangehrmLeaveTestcase.quit(OrangehrmLeaveTestcase.java:39)
at com.testcases.OrangehrmLeaveTestcase.quit(OrangehrmLeaveTestcase.java:39)
at com.testcases.OrangehrmLeaveTestcase.quit(OrangehrmLeaveTestcase.java:39)
at com.testcases.OrangehrmLeaveTestcase.quit(OrangehrmLeaveTestcase.java:39)
at com.testcases.OrangehrmLeaveTestcase.quit(OrangehrmLeaveTestcase.java:39)
at com.testcases.OrangehrmLeaveTestcase.quit(OrangehrmLeaveTestcase.java:39)
at com.testcases.OrangehrmLeaveTestcase.quit(OrangehrmLeaveTestcase.java:39)
at com.testcases.OrangehrmLeaveTestcase.quit(OrangehrmLeaveTestcase.java:39)
at com.testcases.OrangehrmLeaveTestcase.quit(OrangehrmLeaveTestcase.java:39)
at com.testcases.OrangehrmLeaveTestcase.quit(OrangehrmLeaveTestcase.java:39)
at com.testcases.OrangehrmLeaveTestcase.quit(OrangehrmLeaveTestcase.java:39)
at com.testcases.OrangehrmLeaveTestcase.quit(OrangehrmLeaveTestcase.java:39)
at com.testcases.OrangehrmLeaveTestcase.quit(OrangehrmLeaveTestcase.java:39)
at com.testcases.OrangehrmLeaveTestcase.quit(OrangehrmLeaveTestcase.java:39)
at com.testcases.OrangehrmLeaveTestcase.quit(OrangehrmLeaveTestcase.java:39)
at com.testcases.OrangehrmLeaveTestcase.quit(OrangehrmLeaveTestcase.java:39)
at com.testcases.OrangehrmLeaveTestcase.quit(OrangehrmLeaveTestcase.java:39)
at com.testcases.OrangehrmLeaveTestcase.quit(OrangehrmLeaveTestcase.java:39)
at com.testcases.OrangehrmLeaveTestcase.quit(OrangehrmLeaveTestcase.java:39)
at com.testcases.OrangehrmLeaveTestcase.quit(OrangehrmLeaveTestcase.java:39)
at com.testcases.OrangehrmLeaveTestcase.quit(OrangehrmLeaveTestcase.java:39)
at com.testcases.OrangehrmLeaveTestcase.quit(OrangehrmLeaveTestcase.java:39)
at com.testcases.OrangehrmLeaveTestcase.quit(OrangehrmLeaveTestcase.java:39)
at com.testcases.OrangehrmLeaveTestcase.quit(OrangehrmLeaveTestcase.java:39)
at com.testcases.OrangehrmLeaveTestcase.quit(OrangehrmLeaveTestcase.java:39)
at com.testcases.OrangehrmLeaveTestcase.quit(OrangehrmLeaveTestcase.java:39)
at com.testcases.OrangehrmLeaveTestcase.quit(OrangehrmLeaveTestcase.java:39)
at com.testcases.OrangehrmLeaveTestcase.quit(OrangehrmLeaveTestcase.java:39)
at com.testcases.OrangehrmLeaveTestcase.quit(OrangehrmLeaveTestcase.java:39)
at com.testcases.OrangehrmLeaveTestcase.quit(OrangehrmLeaveTestcase.java:39)
at com.testcases.OrangehrmLeaveTestcase.quit(OrangehrmLeaveTestcase.java:39)
at com.testcases.OrangehrmLeaveTestcase.quit(OrangehrmLeaveTestcase.java:39)
at com.testcases.OrangehrmLeaveTestcase.quit(OrangehrmLeaveTestcase.java:39)
at com.testcases.OrangehrmLeaveTestcase.quit(OrangehrmLeaveTestcase.java:39)
at com.testcases.OrangehrmLeaveTestcase.quit(OrangehrmLeaveTestcase.java:39)
at com.testcases.OrangehrmLeaveTestcase.quit(OrangehrmLeaveTestcase.java:39)
at com.testcases.OrangehrmLeaveTestcase.quit(OrangehrmLeaveTestcase.java:39)
at com.testcases.OrangehrmLeaveTestcase.quit(OrangehrmLeaveTestcase.java:39)
at com.testcases.OrangehrmLeaveTestcase.quit(OrangehrmLeaveTestcase.java:39)
at com.testcases.OrangehrmLeaveTestcase.quit(OrangehrmLeaveTestcase.java:39)
at com.testcases.OrangehrmLeaveTestcase.quit(OrangehrmLeaveTestcase.java:39)
at com.testcases.OrangehrmLeaveTestcase.quit(OrangehrmLeaveTestcase.java:39)
at com.testcases.OrangehrmLeaveTestcase.quit(OrangehrmLeaveTestcase.java:39)
at com.testcases.OrangehrmLeaveTestcase.quit(OrangehrmLeaveTestcase.java:39)
at com.testcases.OrangehrmLeaveTestcase.quit(OrangehrmLeaveTestcase.java:39)
at com.testcases.OrangehrmLeaveTestcase.quit(OrangehrmLeaveTestcase.java:39)
at com.testcases.OrangehrmLeaveTestcase.quit(OrangehrmLeaveTestcase.java:39)
at com.testcases.OrangehrmLeaveTestcase.quit(OrangehrmLeaveTestcase.java:39)
at com.testcases.OrangehrmLeaveTestcase.quit(OrangehrmLeaveTestcase.java:39)
at com.testcases.OrangehrmLeaveTestcase.quit(OrangehrmLeaveTestcase.java:39)
at com.testcases.OrangehrmLeaveTestcase.quit(OrangehrmLeaveTestcase.java:39)
at com.testcases.OrangehrmLeaveTestcase.quit(OrangehrmLeaveTestcase.java:39)
at com.testcases.OrangehrmLeaveTestcase.quit(OrangehrmLeaveTestcase.java:39)
at com.testcases.OrangehrmLeaveTestcase.quit(OrangehrmLeaveTestcase.java:39)
at com.testcases.OrangehrmLeaveTestcase.quit(OrangehrmLeaveTestcase.java:39)
at com.testcases.OrangehrmLeaveTestcase.quit(OrangehrmLeaveTestcase.java:39)
at com.testcases.OrangehrmLeaveTestcase.quit(OrangehrmLeaveTestcase.java:39)
at com.testcases.OrangehrmLeaveTestcase.quit(OrangehrmLeaveTestcase.java:39)
at com.testcases.OrangehrmLeaveTestcase.quit(OrangehrmLeaveTestcase.java:39)
at com.testcases.OrangehrmLeaveTestcase.quit(OrangehrmLeaveTestcase.java:39)
at com.testcases.OrangehrmLeaveTestcase.quit(OrangehrmLeaveTestcase.java:39)
at com.testcases.OrangehrmLeaveTestcase.quit(OrangehrmLeaveTestcase.java:39)
at com.testcases.OrangehrmLeaveTestcase.quit(OrangehrmLeaveTestcase.java:39)
at com.testcases.OrangehrmLeaveTestcase.quit(OrangehrmLeaveTestcase.java:39)
at com.testcases.OrangehrmLeaveTestcase.quit(OrangehrmLeaveTestcase.java:39)
at com.testcases.OrangehrmLeaveTestcase.quit(OrangehrmLeaveTestcase.java:39)
at com.testcases.OrangehrmLeaveTestcase.quit(OrangehrmLeaveTestcase.java:39)
at com.testcases.OrangehrmLeaveTestcase.quit(OrangehrmLeaveTestcase.java:39)
at com.testcases.OrangehrmLeaveTestcase.quit(OrangehrmLeaveTestcase.java:39)
at com.testcases.OrangehrmLeaveTestcase.quit(OrangehrmLeaveTestcase.java:39)
at com.testcases.OrangehrmLeaveTestcase.quit(OrangehrmLeaveTestcase.java:39)
at com.testcases.OrangehrmLeaveTestcase.quit(OrangehrmLeaveTestcase.java:39)
at com.testcases.OrangehrmLeaveTestcase.quit(OrangehrmLeaveTestcase.java:39)
at com.testcases.OrangehrmLeaveTestcase.quit(OrangehrmLeaveTestcase.java:39)
at com.testcases.OrangehrmLeaveTestcase.quit(OrangehrmLeaveTestcase.java:39)
at com.testcases.OrangehrmLeaveTestcase.quit(OrangehrmLeaveTestcase.java:39)
at com.testcases.OrangehrmLeaveTestcase.quit(OrangehrmLeaveTestcase.java:39)
at com.testcases.OrangehrmLeaveTestcase.quit(OrangehrmLeaveTestcase.java:39)
at com.testcases.OrangehrmLeaveTestcase.quit(OrangehrmLeaveTestcase.java:39)
at com.testcases.OrangehrmLeaveTestcase.quit(OrangehrmLeaveTestcase.java:39)
at com.testcases.OrangehrmLeaveTestcase.quit(OrangehrmLeaveTestcase.java:39)
at com.testcases.OrangehrmLeaveTestcase.quit(OrangehrmLeaveTestcase.java:39)
at com.testcases.OrangehrmLeaveTestcase.quit(OrangehrmLeaveTestcase.java:39)
at com.testcases.OrangehrmLeaveTestcase.quit(OrangehrmLeaveTestcase.java:39)
at com.testcases.OrangehrmLeaveTestcase.quit(OrangehrmLeaveTestcase.java:39)
at com.testcases.OrangehrmLeaveTestcase.quit(OrangehrmLeaveTestcase.java:39)
at com.testcases.OrangehrmLeaveTestcase.quit(OrangehrmLeaveTestcase.java:39)
at com.testcases.OrangehrmLeaveTestcase.quit(OrangehrmLeaveTestcase.java:39)
at com.testcases.OrangehrmLeaveTestcase.quit(OrangehrmLeaveTestcase.java:39)
at com.testcases.OrangehrmLeaveTestcase.quit(OrangehrmLeaveTestcase.java:39)
at com.testcases.OrangehrmLeaveTestcase.quit(OrangehrmLeaveTestcase.java:39)
at com.testcases.OrangehrmLeaveTestcase.quit(OrangehrmLeaveTestcase.java:39)
at com.testcases.OrangehrmLeaveTestcase.quit(OrangehrmLeaveTestcase.java:39)
at com.testcases.OrangehrmLeaveTestcase.quit(OrangehrmLeaveTestcase.java:39)
at com.testcases.OrangehrmLeaveTestcase.quit(OrangehrmLeaveTestcase.java:39)
at com.testcases.OrangehrmLeaveTestcase.quit(OrangehrmLeaveTestcase.java:39)
at com.testcases.OrangehrmLeaveTestcase.quit(OrangehrmLeaveTestcase.java:39)
at com.testcases.OrangehrmLeaveTestcase.quit(OrangehrmLeaveTestcase.java:39)
at com.testcases.OrangehrmLeaveTestcase.quit(OrangehrmLeaveTestcase.java:39)
at com.testcases.OrangehrmLeaveTestcase.quit(OrangehrmLeaveTestcase.java:39)
at com.testcases.OrangehrmLeaveTestcase.quit(OrangehrmLeaveTestcase.java:39)
at com.testcases.OrangehrmLeaveTestcase.quit(OrangehrmLeaveTestcase.java:39)
at com.testcases.OrangehrmLeaveTestcase.quit(OrangehrmLeaveTestcase.java:39)
at com.testcases.OrangehrmLeaveTestcase.quit(OrangehrmLeaveTestcase.java:39)
at com.testcases.OrangehrmLeaveTestcase.quit(OrangehrmLeaveTestcase.java:39)
at com.testcases.OrangehrmLeaveTestcase.quit(OrangehrmLeaveTestcase.java:39)
at com.testcases.OrangehrmLeaveTestcase.quit(OrangehrmLeaveTestcase.java:39)
at com.testcases.OrangehrmLeaveTestcase.quit(OrangehrmLeaveTestcase.java:39)
at com.testcases.OrangehrmLeaveTestcase.quit(OrangehrmLeaveTestcase.java:39)
at com.testcases.OrangehrmLeaveTestcase.quit(OrangehrmLeaveTestcase.java:39)
at com.testcases.OrangehrmLeaveTestcase.quit(OrangehrmLeaveTestcase.java:39)
at com.testcases.OrangehrmLeaveTestcase.quit(OrangehrmLeaveTestcase.java:39)
at com.testcases.OrangehrmLeaveTestcase.quit(OrangehrmLeaveTestcase.java:39)
at com.testcases.OrangehrmLeaveTestcase.quit(OrangehrmLeaveTestcase.java:39)
at com.testcases.OrangehrmLeaveTestcase.quit(OrangehrmLeaveTestcase.java:39)
at com.testcases.OrangehrmLeaveTestcase.quit(OrangehrmLeaveTestcase.java:39)
at com.testcases.OrangehrmLeaveTestcase.quit(OrangehrmLeaveTestcase.java:39)
at com.testcases.OrangehrmLeaveTestcase.quit(OrangehrmLeaveTestcase.java:39)
at com.testcases.OrangehrmLeaveTestcase.quit(OrangehrmLeaveTestcase.java:39)
at com.testcases.OrangehrmLeaveTestcase.quit(OrangehrmLeaveTestcase.java:39)
at com.testcases.OrangehrmLeaveTestcase.quit(OrangehrmLeaveTestcase.java:39)
at com.testcases.OrangehrmLeaveTestcase.quit(OrangehrmLeaveTestcase.java:39)
at com.testcases.OrangehrmLeaveTestcase.quit(OrangehrmLeaveTestcase.java:39)
at com.testcases.OrangehrmLeaveTestcase.quit(OrangehrmLeaveTestcase.java:39)
at com.testcases.OrangehrmLeaveTestcase.quit(OrangehrmLeaveTestcase.java:39)
at com.testcases.OrangehrmLeaveTestcase.quit(OrangehrmLeaveTestcase.java:39)
at com.testcases.OrangehrmLeaveTestcase.quit(OrangehrmLeaveTestcase.java:39)
at com.testcases.OrangehrmLeaveTestcase.quit(OrangehrmLeaveTestcase.java:39)
at com.testcases.OrangehrmLeaveTestcase.quit(OrangehrmLeaveTestcase.java:39)
at com.testcases.OrangehrmLeaveTestcase.quit(OrangehrmLeaveTestcase.java:39)
at com.testcases.OrangehrmLeaveTestcase.quit(OrangehrmLeaveTestcase.java:39)
at com.testcases.OrangehrmLeaveTestcase.quit(OrangehrmLeaveTestcase.java:39)
at com.testcases.OrangehrmLeaveTestcase.quit(OrangehrmLeaveTestcase.java:39)
at com.testcases.OrangehrmLeaveTestcase.quit(OrangehrmLeaveTestcase.java:39)
at com.testcases.OrangehrmLeaveTestcase.quit(OrangehrmLeaveTestcase.java:39)
at com.testcases.OrangehrmLeaveTestcase.quit(OrangehrmLeaveTestcase.java:39)
at com.testcases.OrangehrmLeaveTestcase.quit(OrangehrmLeaveTestcase.java:39)
at com.testcases.OrangehrmLeaveTestcase.quit(OrangehrmLeaveTestcase.java:39)
at com.testcases.OrangehrmLeaveTestcase.quit(OrangehrmLeaveTestcase.java:39)
at com.testcases.OrangehrmLeaveTestcase.quit(OrangehrmLeaveTestcase.java:39)
at com.testcases.OrangehrmLeaveTestcase.quit(OrangehrmLeaveTestcase.java:39)
at com.testcases.OrangehrmLeaveTestcase.quit(OrangehrmLeaveTestcase.java:39)
at com.testcases.OrangehrmLeaveTestcase.quit(OrangehrmLeaveTestcase.java:39)
at com.testcases.OrangehrmLeaveTestcase.quit(OrangehrmLeaveTestcase.java:39)
at com.testcases.OrangehrmLeaveTestcase.quit(OrangehrmLeaveTestcase.java:39)
at com.testcases.OrangehrmLeaveTestcase.quit(OrangehrmLeaveTestcase.java:39)
at com.testcases.OrangehrmLeaveTestcase.quit(OrangehrmLeaveTestcase.java:39)
at com.testcases.OrangehrmLeaveTestcase.quit(OrangehrmLeaveTestcase.java:39)
at com.testcases.OrangehrmLeaveTestcase.quit(OrangehrmLeaveTestcase.java:39)
at com.testcases.OrangehrmLeaveTestcase.quit(OrangehrmLeaveTestcase.java:39)
at com.testcases.OrangehrmLeaveTestcase.quit(OrangehrmLeaveTestcase.java:39)
at com.testcases.OrangehrmLeaveTestcase.quit(OrangehrmLeaveTestcase.java:39)
at com.testcases.OrangehrmLeaveTestcase.quit(OrangehrmLeaveTestcase.java:39)
at com.testcases.OrangehrmLeaveTestcase.quit(OrangehrmLeaveTestcase.java:39)
at com.testcases.OrangehrmLeaveTestcase.quit(OrangehrmLeaveTestcase.java:39)
at com.testcases.OrangehrmLeaveTestcase.quit(OrangehrmLeaveTestcase.java:39)
at com.testcases.OrangehrmLeaveTestcase.quit(OrangehrmLeaveTestcase.java:39)
at com.testcases.OrangehrmLeaveTestcase.quit(OrangehrmLeaveTestcase.java:39)
at com.testcases.OrangehrmLeaveTestcase.quit(OrangehrmLeaveTestcase.java:39)
at com.testcases.OrangehrmLeaveTestcase.quit(OrangehrmLeaveTestcase.java:39)
at com.testcases.OrangehrmLeaveTestcase.quit(OrangehrmLeaveTestcase.java:39)
at com.testcases.OrangehrmLeaveTestcase.quit(OrangehrmLeaveTestcase.java:39)
at com.testcases.OrangehrmLeaveTestcase.quit(OrangehrmLeaveTestcase.java:39)
at com.testcases.OrangehrmLeaveTestcase.quit(OrangehrmLeaveTestcase.java:39)
at com.testcases.OrangehrmLeaveTestcase.quit(OrangehrmLeaveTestcase.java:39)
at com.testcases.OrangehrmLeaveTestcase.quit(OrangehrmLeaveTestcase.java:39)
at com.testcases.OrangehrmLeaveTestcase.quit(OrangehrmLeaveTestcase.java:39)
at com.testcases.OrangehrmLeaveTestcase.quit(OrangehrmLeaveTestcase.java:39)
at com.testcases.OrangehrmLeaveTestcase.quit(OrangehrmLeaveTestcase.java:39)
at com.testcases.OrangehrmLeaveTestcase.quit(OrangehrmLeaveTestcase.java:39)
at com.testcases.OrangehrmLeaveTestcase.quit(OrangehrmLeaveTestcase.java:39)
at com.testcases.OrangehrmLeaveTestcase.quit(OrangehrmLeaveTestcase.java:39)
at com.testcases.OrangehrmLeaveTestcase.quit(OrangehrmLeaveTestcase.java:39)
at com.testcases.OrangehrmLeaveTestcase.quit(OrangehrmLeaveTestcase.java:39)
at com.testcases.OrangehrmLeaveTestcase.quit(OrangehrmLeaveTestcase.java:39)
at com.testcases.OrangehrmLeaveTestcase.quit(OrangehrmLeaveTestcase.java:39)
at com.testcases.OrangehrmLeaveTestcase.quit(OrangehrmLeaveTestcase.java:39)
at com.testcases.OrangehrmLeaveTestcase.quit(OrangehrmLeaveTestcase.java:39)
at com.testcases.OrangehrmLeaveTestcase.quit(OrangehrmLeaveTestcase.java:39)
at com.testcases.OrangehrmLeaveTestcase.quit(OrangehrmLeaveTestcase.java:39)
at com.testcases.OrangehrmLeaveTestcase.quit(OrangehrmLeaveTestcase.java:39)
at com.testcases.OrangehrmLeaveTestcase.quit(OrangehrmLeaveTestcase.java:39)
at com.testcases.OrangehrmLeaveTestcase.quit(OrangehrmLeaveTestcase.java:39)
at com.testcases.OrangehrmLeaveTestcase.quit(OrangehrmLeaveTestcase.java:39)
at com.testcases.OrangehrmLeaveTestcase.quit(OrangehrmLeaveTestcase.java:39)
at com.testcases.OrangehrmLeaveTestcase.quit(OrangehrmLeaveTestcase.java:39)
at com.testcases.OrangehrmLeaveTestcase.quit(OrangehrmLeaveTestcase.java:39)
at com.testcases.OrangehrmLeaveTestcase.quit(OrangehrmLeaveTestcase.java:39)
at com.testcases.OrangehrmLeaveTestcase.quit(OrangehrmLeaveTestcase.java:39)
at com.testcases.OrangehrmLeaveTestcase.quit(OrangehrmLeaveTestcase.java:39)
at com.testcases.OrangehrmLeaveTestcase.quit(OrangehrmLeaveTestcase.java:39)
at com.testcases.OrangehrmLeaveTestcase.quit(OrangehrmLeaveTestcase.java:39)
at com.testcases.OrangehrmLeaveTestcase.quit(OrangehrmLeaveTestcase.java:39)
at com.testcases.OrangehrmLeaveTestcase.quit(OrangehrmLeaveTestcase.java:39)
at com.testcases.OrangehrmLeaveTestcase.quit(OrangehrmLeaveTestcase.java:39)
at com.testcases.OrangehrmLeaveTestcase.quit(OrangehrmLeaveTestcase.java:39)
at com.testcases.OrangehrmLeaveTestcase.quit(OrangehrmLeaveTestcase.java:39)
]]>
    </error>
  </testcase> <!-- quit -->
  <system-out/>
</testsuite> <!-- com.testcases.OrangehrmLeaveTestcase -->
